/BATCH  
/COM,ANSYS RELEASE  9.0A1  UP20050128       11:04:31    05/12/2014
/input,menust,tmp,'',,,,,,,,,,,,,,,,1   
/GRA,POWER
/GST,ON
/PLO,INFO,3
/GRO,CURL,ON
/CPLANE,1   
/REPLOT,RESIZE  
WPSTYLE,,,,,,,,0
/DIST,1,0.924021086472,1
/REP,FAST   
/DIST,1,0.924021086472,1
/REP,FAST   
/DIST,1,0.924021086472,1
/REP,FAST   
/DIST,1,0.924021086472,1
/REP,FAST   
/DIST,1,0.924021086472,1
/REP,FAST   
/DIST,1,0.924021086472,1
/REP,FAST   
/DIST,1,0.924021086472,1
/REP,FAST   
/DIST,1,0.924021086472,1
/REP,FAST   
/DIST,1,0.924021086472,1
/REP,FAST   
/DIST,1,0.924021086472,1
/REP,FAST   
/DIST,1,0.924021086472,1
/REP,FAST   
/DIST,1,0.924021086472,1
/REP,FAST   
/DIST,1,0.924021086472,1
/REP,FAST   
/DIST,1,0.924021086472,1
/REP,FAST   
/DIST,1,0.924021086472,1
/REP,FAST   
/DIST,1,0.924021086472,1
/REP,FAST   
/DIST,1,0.924021086472,1
/REP,FAST   
/DIST,1,0.924021086472,1
/REP,FAST   
/DIST,1,0.924021086472,1
/REP,FAST   
/DIST,1,0.924021086472,1
/REP,FAST   
/DIST,1,1.08222638492,1 
/REP,FAST   
/DIST,1,1.08222638492,1 
/REP,FAST   
/DIST,1,1.08222638492,1 
/REP,FAST   
/DIST,1,1.08222638492,1 
/REP,FAST   
/DIST,1,1.08222638492,1 
/REP,FAST   
/DIST,1,1.08222638492,1 
/REP,FAST   
/DIST,1,1.08222638492,1 
/REP,FAST   
/DIST,1,1.08222638492,1 
/REP,FAST   
/DIST,1,1.08222638492,1 
/REP,FAST   
/DIST,1,1.08222638492,1 
/REP,FAST   
/DIST,1,1.08222638492,1 
/REP,FAST   
/DIST,1,1.08222638492,1 
/REP,FAST   
/DIST,1,1.08222638492,1 
/REP,FAST   
/DIST,1,1.08222638492,1 
/REP,FAST   
/DIST,1,1.08222638492,1 
/REP,FAST   
/DIST,1,1.08222638492,1 
/REP,FAST   
/DIST,1,1.08222638492,1 
/REP,FAST   
/DIST,1,1.08222638492,1 
/REP,FAST   
/DIST,1,1.08222638492,1 
/REP,FAST   
/DIST,1,1.08222638492,1 
/REP,FAST   
/DIST,1,0.924021086472,1
/REP,FAST   
/DIST,1,0.924021086472,1
/REP,FAST   
/DIST,1,0.924021086472,1
/REP,FAST   
/DIST,1,0.924021086472,1
/REP,FAST   
/DIST,1,0.924021086472,1
/REP,FAST   
/DIST,1,0.924021086472,1
/REP,FAST   
/DIST,1,0.924021086472,1
/REP,FAST   
/DIST,1,0.924021086472,1
/REP,FAST   
/DIST,1,0.924021086472,1
/REP,FAST   
/DIST,1,0.924021086472,1
/REP,FAST   
/DIST,1,0.924021086472,1
/REP,FAST   
/DIST,1,0.924021086472,1
/REP,FAST   
/DIST,1,0.924021086472,1
/REP,FAST   
/DIST,1,0.924021086472,1
/REP,FAST   
/DIST,1,0.924021086472,1
/REP,FAST   
/REPLOT,RESIZE  
/REPLOT,RESIZE  
/PREP7  
!*  
FLST,3,4,8  
FITEM,3,0,0,0   
FITEM,3,0,6,0   
FITEM,3,8,6,0   
FITEM,3,8,0,0   
K, ,P51X
/DIST,1,0.924021086472,1
/REP,FAST   
/DIST,1,0.924021086472,1
/REP,FAST   
/DIST,1,0.924021086472,1
/REP,FAST   
/DIST,1,0.924021086472,1
/REP,FAST   
/DIST,1,0.924021086472,1
/REP,FAST   
/DIST,1,0.924021086472,1
/REP,FAST   
/DIST,1,0.924021086472,1
/REP,FAST   
/DIST,1,0.924021086472,1
/REP,FAST   
/DIST,1,0.924021086472,1
/REP,FAST   
/DIST,1,0.924021086472,1
/REP,FAST   
/DIST,1,0.924021086472,1
/REP,FAST   
/DIST,1,0.924021086472,1
/REP,FAST   
/DIST,1,0.924021086472,1
/REP,FAST   
/DIST,1,0.924021086472,1
/REP,FAST   
/DIST,1,0.924021086472,1
/REP,FAST   
/DIST,1,0.924021086472,1
/REP,FAST   
/DIST,1,0.924021086472,1
/REP,FAST   
/DIST,1,0.924021086472,1
/REP,FAST   
/DIST,1,0.924021086472,1
/REP,FAST   
/DIST,1,0.924021086472,1
/REP,FAST   
/DIST,1,0.924021086472,1
/REP,FAST   
/DIST,1,0.924021086472,1
/REP,FAST   
/DIST,1,0.924021086472,1
/REP,FAST   
/DIST,1,0.924021086472,1
/REP,FAST   
/DIST,1,0.924021086472,1
/REP,FAST   
/DIST,1,0.924021086472,1
/REP,FAST   
/DIST,1,0.924021086472,1
/REP,FAST   
/DIST,1,0.924021086472,1
/REP,FAST   
/DIST,1,0.924021086472,1
/REP,FAST   
/DIST,1,0.924021086472,1
/REP,FAST   
/DIST,1,0.924021086472,1
/REP,FAST   
/DIST,1,0.924021086472,1
/REP,FAST   
/DIST,1,0.924021086472,1
/REP,FAST   
/DIST,1,0.924021086472,1
/REP,FAST   
/DIST,1,0.924021086472,1
/REP,FAST   
/DIST,1,0.924021086472,1
/REP,FAST   
/DIST,1,0.924021086472,1
/REP,FAST   
/DIST,1,0.924021086472,1
/REP,FAST   
/DIST,1,0.924021086472,1
/REP,FAST   
/DIST,1,0.924021086472,1
/REP,FAST   
/DIST,1,0.924021086472,1
/REP,FAST   
/DIST,1,0.924021086472,1
/REP,FAST   
/DIST,1,0.924021086472,1
/REP,FAST   
/DIST,1,0.924021086472,1
/REP,FAST   
/DIST,1,0.924021086472,1
/REP,FAST   
/DIST,1,0.924021086472,1
/REP,FAST   
/DIST,1,0.924021086472,1
/REP,FAST   
/DIST,1,0.924021086472,1
/REP,FAST   
/DIST,1,0.924021086472,1
/REP,FAST   
/DIST,1,0.924021086472,1
/REP,FAST   
/DIST,1,0.924021086472,1
/REP,FAST   
/DIST,1,0.924021086472,1
/REP,FAST   
/DIST,1,0.924021086472,1
/REP,FAST   
/DIST,1,0.924021086472,1
/REP,FAST   
/DIST,1,0.924021086472,1
/REP,FAST   
/DIST,1,0.924021086472,1
/REP,FAST   
/DIST,1,0.924021086472,1
/REP,FAST   
/DIST,1,0.924021086472,1
/REP,FAST   
/DIST,1,0.924021086472,1
/REP,FAST   
/DIST,1,0.924021086472,1
/REP,FAST   
/DIST,1,0.924021086472,1
/REP,FAST   
/DIST,1,0.924021086472,1
/REP,FAST   
/DIST,1,1.37174211248,1 
/REP,FAST   
/DIST,1,1.37174211248,1 
/REP,FAST   
/DIST,1,1.37174211248,1 
/REP,FAST   
/DIST,1,1.37174211248,1 
/REP,FAST   
/DIST,1,0.924021086472,1
/REP,FAST   
/DIST,1,0.924021086472,1
/REP,FAST   
/DIST,1,0.924021086472,1
/REP,FAST   
/DIST,1,0.924021086472,1
/REP,FAST   
/DIST,1,0.924021086472,1
/REP,FAST   
/DIST,1,0.924021086472,1
/REP,FAST   
/DIST,1,0.924021086472,1
/REP,FAST   
/DIST,1,0.924021086472,1
/REP,FAST   
/DIST,1,0.924021086472,1
/REP,FAST   
/DIST,1,0.924021086472,1
/REP,FAST   
/DIST,1,0.924021086472,1
/REP,FAST   
/DIST,1,0.924021086472,1
/REP,FAST   
/DIST,1,0.924021086472,1
/REP,FAST   
/DIST,1,0.924021086472,1
/REP,FAST   
/DIST,1,0.924021086472,1
/REP,FAST   
/DIST,1,0.924021086472,1
/REP,FAST   
/DIST,1,0.924021086472,1
/REP,FAST   
/DIST,1,0.924021086472,1
/REP,FAST   
/DIST,1,0.924021086472,1
/REP,FAST   
/DIST,1,0.924021086472,1
/REP,FAST   
/DIST,1,0.924021086472,1
/REP,FAST   
/DIST,1,0.924021086472,1
/REP,FAST   
/DIST,1,0.924021086472,1
/REP,FAST   
/DIST,1,0.924021086472,1
/REP,FAST   
/DIST,1,0.924021086472,1
/REP,FAST   
/DIST,1,0.924021086472,1
/REP,FAST   
/DIST,1,0.924021086472,1
/REP,FAST   
/DIST,1,0.924021086472,1
/REP,FAST   
/DIST,1,0.924021086472,1
/REP,FAST   
/DIST,1,0.924021086472,1
/REP,FAST   
/DIST,1,0.924021086472,1
/REP,FAST   
/DIST,1,0.924021086472,1
/REP,FAST   
/DIST,1,0.924021086472,1
/REP,FAST   
/DIST,1,0.924021086472,1
/REP,FAST   
/DIST,1,0.924021086472,1
/REP,FAST   
/DIST,1,0.924021086472,1
/REP,FAST   
/DIST,1,0.924021086472,1
/REP,FAST   
/DIST,1,0.924021086472,1
/REP,FAST   
/DIST,1,0.924021086472,1
/REP,FAST   
/DIST,1,0.924021086472,1
/REP,FAST   
/DIST,1,0.924021086472,1
/REP,FAST   
/DIST,1,0.924021086472,1
/REP,FAST   
/DIST,1,0.924021086472,1
/REP,FAST   
/DIST,1,0.924021086472,1
/REP,FAST   
/DIST,1,0.924021086472,1
/REP,FAST   
/DIST,1,0.924021086472,1
/REP,FAST   
/DIST,1,0.924021086472,1
/REP,FAST   
/DIST,1,0.924021086472,1
/REP,FAST   
/DIST,1,0.924021086472,1
/REP,FAST   
/DIST,1,1.08222638492,1 
/REP,FAST   
/DIST,1,1.08222638492,1 
/REP,FAST   
/DIST,1,1.08222638492,1 
/REP,FAST   
/DIST,1,1.08222638492,1 
/REP,FAST   
/DIST,1,1.08222638492,1 
/REP,FAST   
/DIST,1,1.08222638492,1 
/REP,FAST   
/DIST,1,1.08222638492,1 
/REP,FAST   
/DIST,1,1.08222638492,1 
/REP,FAST   
/DIST,1,1.08222638492,1 
/REP,FAST   
/DIST,1,1.08222638492,1 
/REP,FAST   
/DIST,1,1.08222638492,1 
/REP,FAST   
/DIST,1,1.08222638492,1 
/REP,FAST   
/DIST,1,1.08222638492,1 
/REP,FAST   
/DIST,1,1.08222638492,1 
/REP,FAST   
/DIST,1,1.08222638492,1 
/REP,FAST   
/DIST,1,1.08222638492,1 
/REP,FAST   
/DIST,1,1.08222638492,1 
/REP,FAST   
/DIST,1,1.08222638492,1 
/REP,FAST   
/DIST,1,1.08222638492,1 
/REP,FAST   
/DIST,1,1.08222638492,1 
/REP,FAST   
/DIST,1,1.08222638492,1 
/REP,FAST   
/DIST,1,1.08222638492,1 
/REP,FAST   
/DIST,1,1.08222638492,1 
/REP,FAST   
/DIST,1,1.08222638492,1 
/REP,FAST   
/DIST,1,1.08222638492,1 
/REP,FAST   
/DIST,1,1.08222638492,1 
/REP,FAST   
/DIST,1,1.08222638492,1 
/REP,FAST   
/DIST,1,1.08222638492,1 
/REP,FAST   
/DIST,1,1.08222638492,1 
/REP,FAST   
/DIST,1,1.08222638492,1 
/REP,FAST   
/DIST,1,1.08222638492,1 
/REP,FAST   
/DIST,1,1.08222638492,1 
/REP,FAST   
/DIST,1,1.08222638492,1 
/REP,FAST   
/DIST,1,1.08222638492,1 
/REP,FAST   
/DIST,1,1.08222638492,1 
/REP,FAST   
/DIST,1,1.08222638492,1 
/REP,FAST   
/DIST,1,1.08222638492,1 
/REP,FAST   
/DIST,1,1.08222638492,1 
/REP,FAST   
/DIST,1,1.08222638492,1 
/REP,FAST   
/DIST,1,1.08222638492,1 
/REP,FAST   
/DIST,1,1.08222638492,1 
/REP,FAST   
/DIST,1,1.08222638492,1 
/REP,FAST   
/DIST,1,1.08222638492,1 
/REP,FAST   
/DIST,1,1.08222638492,1 
/REP,FAST   
/DIST,1,1.08222638492,1 
/REP,FAST   
/DIST,1,1.08222638492,1 
/REP,FAST   
/VIEW,1,1,1,1   
/ANG,1  
/REP,FAST   
/VIEW,1,1,2,3   
/ANG,1  
/REP,FAST   
/DIST,1,1.08222638492,1 
/REP,FAST   
/USER,  1   
/DIST,  1,  0.454467188147E-02  
/REPLO  
/DIST,1,1.08222638492,1 
/REP,FAST   
/DIST,1,1.08222638492,1 
/REP,FAST   
/DIST,1,1.08222638492,1 
/REP,FAST   
/DIST,1,0.924021086472,1
/REP,FAST   
/AUTO,1 
/REP,FAST   
/VIEW,1,,,1 
/ANG,1  
/REP,FAST   
LSTR,       1,       2  
LSTR,       2,       3  
LSTR,       3,       4  
LSTR,       4,       1  
!*  
LFILLT,2,3,3, , 
FLST,2,5,4  
FITEM,2,1   
FITEM,2,2   
FITEM,2,5   
FITEM,2,3   
FITEM,2,4   
AL,P51X 
SAVE
SAVE
RESUME  
/COM,ANSYS RELEASE  9.0A1  UP20050128       11:44:37    05/12/2014
/REPLOT,RESIZE  
SAVE
/REPLOT,RESIZE  
/REPLOT,RESIZE  
!*  
MPTEMP,,,,,,,,  
MPTEMP,1,0  
MPDATA,KXX,1,,1 
!*  
ET,1,PLANE82
!*  
ET,2,PLANE82
!*  
ETDEL,2 
!*  
MSHAPE,0,2D 
MSHKEY,0
!*  
CM,_Y,AREA  
ASEL, , , ,       1 
CM,_Y1,AREA 
CHKMSH,'AREA'   
CMSEL,S,_Y  
!*  
AMESH,_Y1   
!*  
CMDELE,_Y   
CMDELE,_Y1  
CMDELE,_Y2  
!*  
SMRT,6  
RESUME  
/COM,ANSYS RELEASE  9.0A1  UP20050128       11:52:20    05/12/2014
SMRT,6  
SMRT,5  
MSHAPE,0,2D 
MSHKEY,0
!*  
CM,_Y,AREA  
ASEL, , , ,       1 
CM,_Y1,AREA 
CHKMSH,'AREA'   
CMSEL,S,_Y  
!*  
AMESH,_Y1   
!*  
CMDELE,_Y   
CMDELE,_Y1  
CMDELE,_Y2  
!*  
!*  
ET,1,PLANE82
!*  
CM,_Y,AREA  
ASEL, , , ,       1 
CM,_Y1,AREA 
CHKMSH,'AREA'   
CMSEL,S,_Y  
!*  
AMESH,_Y1   
!*  
CMDELE,_Y   
CMDELE,_Y1  
CMDELE,_Y2  
!*  
SAVE
TUNIF,0 
ICLIST,ALL  
ICLIST,ALL,,,VELO   
!*  
ICLIST,ALL  
ICLIST,ALL,,,VELO   
!*  
TUNIF,0,
TUNIF,0,
ICLIST,ALL  
ICLIST,ALL,,,VELO   
!*  
SAVE
SAVE
SAVE
FINISH  
/SOL
FLST,2,1,4,ORDE,1   
FITEM,2,1   
!*  
BFL,P51X,TEMP,200   
FLST,2,3,4,ORDE,3   
FITEM,2,2   
FITEM,2,-3  
FITEM,2,5   
!*  
BFL,P51X,TEMP,100   
FLST,2,1,4,ORDE,1   
FITEM,2,4   
!*  
BFL,P51X,TEMP,50
TUNIF,0,
!*  
ANTYPE,4
!*  
TRNOPT,FULL 
LUMPM,0 
!*  
TIME,15 
DELTIM,1
!*  
OUTPR,BASIC,ALL,
!*  
OUTPR,BASIC,ALL,
SAVE
/STATUS,SOLU
SOLVE   
FINISH  
/PREP7  
!*  
!*  
MPTEMP,,,,,,,,  
MPTEMP,1,0  
MPDATA,KXX,1,,1 
SAVE
FINISH  
/SOL
/STATUS,SOLU
SOLVE   
/DIST,1,0.924021086472,1
/REP,FAST   
/DIST,1,0.924021086472,1
/REP,FAST   
/DIST,1,0.924021086472,1
/REP,FAST   
/DIST,1,0.924021086472,1
/REP,FAST   
/DIST,1,0.924021086472,1
/REP,FAST   
/DIST,1,0.924021086472,1
/REP,FAST   
/DIST,1,0.924021086472,1
/REP,FAST   
/DIST,1,0.924021086472,1
/REP,FAST   
/DIST,1,0.924021086472,1
/REP,FAST   
/DIST,1,0.924021086472,1
/REP,FAST   
/DIST,1,0.924021086472,1
/REP,FAST   
/DIST,1,0.924021086472,1
/REP,FAST   
/DIST,1,0.924021086472,1
/REP,FAST   
/DIST,1,0.924021086472,1
/REP,FAST   
/DIST,1,0.924021086472,1
/REP,FAST   
/DIST,1,0.924021086472,1
/REP,FAST   
/DIST,1,0.924021086472,1
/REP,FAST   
/DIST,1,0.924021086472,1
/REP,FAST   
/DIST,1,0.924021086472,1
/REP,FAST   
/DIST,1,0.924021086472,1
/REP,FAST   
/DIST,1,0.924021086472,1
/REP,FAST   
/DIST,1,0.924021086472,1
/REP,FAST   
/DIST,1,0.924021086472,1
/REP,FAST   
/DIST,1,0.924021086472,1
/REP,FAST   
/DIST,1,0.924021086472,1
/REP,FAST   
/DIST,1,0.924021086472,1
/REP,FAST   
/DIST,1,0.924021086472,1
/REP,FAST   
/DIST,1,0.924021086472,1
/REP,FAST   
/DIST,1,0.924021086472,1
/REP,FAST   
/DIST,1,0.924021086472,1
/REP,FAST   
/DIST,1,0.924021086472,1
/REP,FAST   
/DIST,1,0.924021086472,1
/REP,FAST   
/DIST,1,0.924021086472,1
/REP,FAST   
/DIST,1,0.924021086472,1
/REP,FAST   
/DIST,1,0.924021086472,1
/REP,FAST   
/DIST,1,0.924021086472,1
/REP,FAST   
/DIST,1,1.08222638492,1 
/REP,FAST   
/DIST,1,1.08222638492,1 
/REP,FAST   
/DIST,1,1.08222638492,1 
/REP,FAST   
/DIST,1,1.08222638492,1 
/REP,FAST   
/DIST,1,1.08222638492,1 
/REP,FAST   
/DIST,1,1.08222638492,1 
/REP,FAST   
/DIST,1,1.08222638492,1 
/REP,FAST   
/DIST,1,1.08222638492,1 
/REP,FAST   
/DIST,1,1.08222638492,1 
/REP,FAST   
/DIST,1,1.08222638492,1 
/REP,FAST   
/DIST,1,1.08222638492,1 
/REP,FAST   
/DIST,1,1.08222638492,1 
/REP,FAST   
/DIST,1,1.08222638492,1 
/REP,FAST   
/DIST,1,1.08222638492,1 
/REP,FAST   
/DIST,1,1.08222638492,1 
/REP,FAST   
/DIST,1,1.08222638492,1 
/REP,FAST   
/DIST,1,1.08222638492,1 
/REP,FAST   
/DIST,1,1.08222638492,1 
/REP,FAST   
/DIST,1,1.08222638492,1 
/REP,FAST   
/DIST,1,1.08222638492,1 
/REP,FAST   
/DIST,1,1.08222638492,1 
/REP,FAST   
/DIST,1,1.08222638492,1 
/REP,FAST   
/DIST,1,1.08222638492,1 
/REP,FAST   
/DIST,1,1.08222638492,1 
/REP,FAST   
/DIST,1,1.08222638492,1 
/REP,FAST   
/DIST,1,1.08222638492,1 
/REP,FAST   
/DIST,1,1.08222638492,1 
/REP,FAST   
/DIST,1,1.08222638492,1 
/REP,FAST   
/DIST,1,1.08222638492,1 
/REP,FAST   
/DIST,1,1.08222638492,1 
/REP,FAST   
/DIST,1,1.08222638492,1 
/REP,FAST   
/DIST,1,1.08222638492,1 
/REP,FAST   
/DIST,1,1.08222638492,1 
/REP,FAST   
/DIST,1,1.08222638492,1 
/REP,FAST   
/DIST,1,1.08222638492,1 
/REP,FAST   
/DIST,1,1.08222638492,1 
/REP,FAST   
/DIST,1,1.08222638492,1 
/REP,FAST   
/DIST,1,1.08222638492,1 
/REP,FAST   
/DIST,1,1.08222638492,1 
/REP,FAST   
/DIST,1,1.08222638492,1 
/REP,FAST   
/DIST,1,1.08222638492,1 
/REP,FAST   
/DIST,1,1.08222638492,1 
/REP,FAST   
/DIST,1,1.08222638492,1 
/REP,FAST   
/DIST,1,1.08222638492,1 
/REP,FAST   
/DIST,1,1.08222638492,1 
/REP,FAST   
/DIST,1,1.08222638492,1 
/REP,FAST   
/DIST,1,1.08222638492,1 
/REP,FAST   
/DIST,1,1.08222638492,1 
/REP,FAST   
/DIST,1,1.08222638492,1 
/REP,FAST   
/DIST,1,1.08222638492,1 
/REP,FAST   
/DIST,1,1.08222638492,1 
/REP,FAST   
/DIST,1,1.08222638492,1 
/REP,FAST   
/DIST,1,1.08222638492,1 
/REP,FAST   
/DIST,1,1.08222638492,1 
/REP,FAST   
/DIST,1,1.08222638492,1 
/REP,FAST   
/DIST,1,1.08222638492,1 
/REP,FAST   
/DIST,1,1.08222638492,1 
/REP,FAST   
/DIST,1,1.08222638492,1 
/REP,FAST   
/DIST,1,1.08222638492,1 
/REP,FAST   
/DIST,1,1.08222638492,1 
/REP,FAST   
/DIST,1,1.08222638492,1 
/REP,FAST   
/DIST,1,1.08222638492,1 
/REP,FAST   
/DIST,1,1.08222638492,1 
/REP,FAST   
/DIST,1,1.08222638492,1 
/REP,FAST   
/DIST,1,0.924021086472,1
/REP,FAST   
/DIST,1,0.924021086472,1
/REP,FAST   
/DIST,1,0.924021086472,1
/REP,FAST   
/DIST,1,0.924021086472,1
/REP,FAST   
/DIST,1,0.924021086472,1
/REP,FAST   
/DIST,1,0.924021086472,1
/REP,FAST   
/DIST,1,0.924021086472,1
/REP,FAST   
/DIST,1,0.924021086472,1
/REP,FAST   
/DIST,1,0.924021086472,1
/REP,FAST   
/DIST,1,0.924021086472,1
/REP,FAST   
/DIST,1,0.924021086472,1
/REP,FAST   
/DIST,1,0.924021086472,1
/REP,FAST   
/DIST,1,0.924021086472,1
/REP,FAST   
/DIST,1,0.924021086472,1
/REP,FAST   
/DIST,1,0.924021086472,1
/REP,FAST   
/DIST,1,0.924021086472,1
/REP,FAST   
/DIST,1,0.924021086472,1
/REP,FAST   
/DIST,1,0.924021086472,1
/REP,FAST   
/DIST,1,0.924021086472,1
/REP,FAST   
/DIST,1,0.924021086472,1
/REP,FAST   
/DIST,1,0.924021086472,1
/REP,FAST   
/DIST,1,0.924021086472,1
/REP,FAST   
/DIST,1,0.924021086472,1
/REP,FAST   
/DIST,1,0.924021086472,1
/REP,FAST   
/DIST,1,0.924021086472,1
/REP,FAST   
/DIST,1,0.924021086472,1
/REP,FAST   
/DIST,1,0.924021086472,1
/REP,FAST   
/DIST,1,0.924021086472,1
/REP,FAST   
/DIST,1,0.924021086472,1
/REP,FAST   
/DIST,1,0.924021086472,1
/REP,FAST   
/DIST,1,0.924021086472,1
/REP,FAST   
/DIST,1,0.924021086472,1
/REP,FAST   
/DIST,1,0.924021086472,1
/REP,FAST   
/DIST,1,1.08222638492,1 
/REP,FAST   
/DIST,1,1.08222638492,1 
/REP,FAST   
/DIST,1,1.08222638492,1 
/REP,FAST   
/DIST,1,1.08222638492,1 
/REP,FAST   
/DIST,1,1.08222638492,1 
/REP,FAST   
/DIST,1,1.08222638492,1 
/REP,FAST   
/DIST,1,1.08222638492,1 
/REP,FAST   
/DIST,1,1.08222638492,1 
/REP,FAST   
/DIST,1,1.08222638492,1 
/REP,FAST   
/DIST,1,1.08222638492,1 
/REP,FAST   
/DIST,1,1.08222638492,1 
/REP,FAST   
/DIST,1,1.08222638492,1 
/REP,FAST   
/DIST,1,1.08222638492,1 
/REP,FAST   
/DIST,1,1.08222638492,1 
/REP,FAST   
/DIST,1,1.08222638492,1 
/REP,FAST   
/DIST,1,1.08222638492,1 
/REP,FAST   
/DIST,1,1.08222638492,1 
/REP,FAST   
/DIST,1,1.08222638492,1 
/REP,FAST   
/DIST,1,1.08222638492,1 
/REP,FAST   
/DIST,1,1.08222638492,1 
/REP,FAST   
/DIST,1,0.924021086472,1
/REP,FAST   
/DIST,1,0.924021086472,1
/REP,FAST   
/DIST,1,0.924021086472,1
/REP,FAST   
/DIST,1,0.924021086472,1
/REP,FAST   
/DIST,1,0.924021086472,1
/REP,FAST   
/DIST,1,0.924021086472,1
/REP,FAST   
/DIST,1,0.924021086472,1
/REP,FAST   
/DIST,1,0.924021086472,1
/REP,FAST   
/DIST,1,0.924021086472,1
/REP,FAST   
/DIST,1,0.924021086472,1
/REP,FAST   
/DIST,1,0.924021086472,1
/REP,FAST   
/DIST,1,0.924021086472,1
/REP,FAST   
/DIST,1,0.924021086472,1
/REP,FAST   
/DIST,1,0.924021086472,1
/REP,FAST   
/DIST,1,0.924021086472,1
/REP,FAST   
/DIST,1,0.924021086472,1
/REP,FAST   
/DIST,1,0.924021086472,1
/REP,FAST   
/DIST,1,0.924021086472,1
/REP,FAST   
/DIST,1,0.924021086472,1
/REP,FAST   
/DIST,1,1.08222638492,1 
/REP,FAST   
/DIST,1,1.08222638492,1 
/REP,FAST   
/DIST,1,1.08222638492,1 
/REP,FAST   
/DIST,1,1.08222638492,1 
/REP,FAST   
/DIST,1,1.08222638492,1 
/REP,FAST   
/DIST,1,1.08222638492,1 
/REP,FAST   
/DIST,1,1.08222638492,1 
/REP,FAST   
/DIST,1,1.08222638492,1 
/REP,FAST   
/DIST,1,1.08222638492,1 
/REP,FAST   
/DIST,1,1.08222638492,1 
/REP,FAST   
/DIST,1,1.08222638492,1 
/REP,FAST   
/DIST,1,0.924021086472,1
/REP,FAST   
/DIST,1,0.924021086472,1
/REP,FAST   
/DIST,1,0.924021086472,1
/REP,FAST   
/DIST,1,0.924021086472,1
/REP,FAST   
/DIST,1,0.924021086472,1
/REP,FAST   
/DIST,1,0.924021086472,1
/REP,FAST   
/DIST,1,0.924021086472,1
/REP,FAST   
/DIST,1,0.924021086472,1
/REP,FAST   
/DIST,1,0.924021086472,1
/REP,FAST   
/DIST,1,0.924021086472,1
/REP,FAST   
/DIST,1,0.924021086472,1
/REP,FAST   
/DIST,1,1.08222638492,1 
/REP,FAST   
/DIST,1,1.08222638492,1 
/REP,FAST   
/DIST,1,1.08222638492,1 
/REP,FAST   
/DIST,1,1.08222638492,1 
/REP,FAST   
/DIST,1,1.08222638492,1 
/REP,FAST   
/DIST,1,0.924021086472,1
/REP,FAST   
/DIST,1,0.924021086472,1
/REP,FAST   
/DIST,1,0.924021086472,1
/REP,FAST   
/DIST,1,1.08222638492,1 
/REP,FAST   
/DIST,1,1.08222638492,1 
/REP,FAST   
/DIST,1,1.08222638492,1 
/REP,FAST   
/DIST,1,1.08222638492,1 
/REP,FAST   
/DIST,1,1.08222638492,1 
/REP,FAST   
/DIST,1,1.08222638492,1 
/REP,FAST   
/DIST,1,1.08222638492,1 
/REP,FAST   
/DIST,1,1.08222638492,1 
/REP,FAST   
/DIST,1,1.08222638492,1 
/REP,FAST   
/DIST,1,1.08222638492,1 
/REP,FAST   
/DIST,1,1.08222638492,1 
/REP,FAST   
/DIST,1,1.08222638492,1 
/REP,FAST   
/DIST,1,1.08222638492,1 
/REP,FAST   
/DIST,1,1.08222638492,1 
/REP,FAST   
/DIST,1,1.08222638492,1 
/REP,FAST   
/DIST,1,1.08222638492,1 
/REP,FAST   
/DIST,1,1.08222638492,1 
/REP,FAST   
/DIST,1,1.08222638492,1 
/REP,FAST   
/DIST,1,1.08222638492,1 
/REP,FAST   
/DIST,1,1.08222638492,1 
/REP,FAST   
/DIST,1,1.08222638492,1 
/REP,FAST   
/DIST,1,1.08222638492,1 
/REP,FAST   
/DIST,1,1.08222638492,1 
/REP,FAST   
/DIST,1,1.08222638492,1 
/REP,FAST   
/DIST,1,1.08222638492,1 
/REP,FAST   
/DIST,1,1.08222638492,1 
/REP,FAST   
/DIST,1,1.08222638492,1 
/REP,FAST   
/DIST,1,1.08222638492,1 
/REP,FAST   
/DIST,1,1.08222638492,1 
/REP,FAST   
/DIST,1,1.08222638492,1 
/REP,FAST   
/DIST,1,1.08222638492,1 
/REP,FAST   
/DIST,1,1.08222638492,1 
/REP,FAST   
/DIST,1,1.08222638492,1 
/REP,FAST   
/DIST,1,1.08222638492,1 
/REP,FAST   
/DIST,1,1.08222638492,1 
/REP,FAST   
/DIST,1,1.08222638492,1 
/REP,FAST   
/DIST,1,1.08222638492,1 
/REP,FAST   
/DIST,1,1.08222638492,1 
/REP,FAST   
/DIST,1,1.08222638492,1 
/REP,FAST   
/DIST,1,1.08222638492,1 
/REP,FAST   
/DIST,1,1.08222638492,1 
/REP,FAST   
/DIST,1,1.08222638492,1 
/REP,FAST   
/DIST,1,1.08222638492,1 
/REP,FAST   
/DIST,1,1.08222638492,1 
/REP,FAST   
/DIST,1,1.08222638492,1 
/REP,FAST   
/DIST,1,1.08222638492,1 
/REP,FAST   
/DIST,1,1.08222638492,1 
/REP,FAST   
/DIST,1,0.924021086472,1
/REP,FAST   
/DIST,1,0.924021086472,1
/REP,FAST   
/DIST,1,0.924021086472,1
/REP,FAST   
/DIST,1,0.924021086472,1
/REP,FAST   
/DIST,1,0.924021086472,1
/REP,FAST   
/DIST,1,0.924021086472,1
/REP,FAST   
/DIST,1,0.924021086472,1
/REP,FAST   
/DIST,1,0.924021086472,1
/REP,FAST   
/DIST,1,0.924021086472,1
/REP,FAST   
/DIST,1,0.924021086472,1
/REP,FAST   
/DIST,1,0.924021086472,1
/REP,FAST   
/DIST,1,0.924021086472,1
/REP,FAST   
/DIST,1,0.924021086472,1
/REP,FAST   
/DIST,1,0.924021086472,1
/REP,FAST   
/DIST,1,0.924021086472,1
/REP,FAST   
/DIST,1,0.924021086472,1
/REP,FAST   
/DIST,1,0.924021086472,1
/REP,FAST   
/DIST,1,0.924021086472,1
/REP,FAST   
/DIST,1,0.924021086472,1
/REP,FAST   
/DIST,1,0.924021086472,1
/REP,FAST   
/DIST,1,0.924021086472,1
/REP,FAST   
/DIST,1,0.924021086472,1
/REP,FAST   
/DIST,1,0.924021086472,1
/REP,FAST   
/DIST,1,0.924021086472,1
/REP,FAST   
/DIST,1,0.924021086472,1
/REP,FAST   
/DIST,1,0.924021086472,1
/REP,FAST   
/DIST,1,0.924021086472,1
/REP,FAST   
/DIST,1,0.924021086472,1
/REP,FAST   
/DIST,1,0.924021086472,1
/REP,FAST   
/DIST,1,0.924021086472,1
/REP,FAST   
/DIST,1,0.924021086472,1
/REP,FAST   
/DIST,1,0.924021086472,1
/REP,FAST   
/DIST,1,0.924021086472,1
/REP,FAST   
/DIST,1,0.924021086472,1
/REP,FAST   
/DIST,1,0.924021086472,1
/REP,FAST   
/DIST,1,0.924021086472,1
/REP,FAST   
/DIST,1,0.924021086472,1
/REP,FAST   
/DIST,1,0.924021086472,1
/REP,FAST   
/DIST,1,0.924021086472,1
/REP,FAST   
/DIST,1,0.924021086472,1
/REP,FAST   
/DIST,1,0.924021086472,1
/REP,FAST   
/DIST,1,0.924021086472,1
/REP,FAST   
/DIST,1,0.924021086472,1
/REP,FAST   
/DIST,1,0.924021086472,1
/REP,FAST   
/DIST,1,0.924021086472,1
/REP,FAST   
/DIST,1,1.08222638492,1 
/REP,FAST   
/DIST,1,1.08222638492,1 
/REP,FAST   
/DIST,1,1.08222638492,1 
/REP,FAST   
/DIST,1,1.08222638492,1 
/REP,FAST   
/DIST,1,1.08222638492,1 
/REP,FAST   
/DIST,1,1.08222638492,1 
/REP,FAST   
/DIST,1,1.08222638492,1 
/REP,FAST   
/DIST,1,1.08222638492,1 
/REP,FAST   
/DIST,1,0.924021086472,1
/REP,FAST   
/DIST,1,0.924021086472,1
/REP,FAST   
/DIST,1,0.924021086472,1
/REP,FAST   
/DIST,1,0.924021086472,1
/REP,FAST   
/DIST,1,0.924021086472,1
/REP,FAST   
/DIST,1,0.924021086472,1
/REP,FAST   
/DIST,1,0.924021086472,1
/REP,FAST   
/DIST,1,0.924021086472,1
/REP,FAST   
FINISH  
/PREP7  
TOFFST,273  
FINISH  
/SOL
/STATUS,SOLU
SOLVE   
FINISH  
/PREP7  
!*  
MPTEMP,,,,,,,,  
MPTEMP,1,0  
MPDATA,EX,1,,1  
MPDATA,PRXY,1,, 
FINISH  
/SOL
/STATUS,SOLU
SOLVE   
FINISH  
/POST1  
SET,FIRST   
SET,FIRST   
EPLOT   
EPLOT   
!*  
/CONT,1,5,AUTO  
/REPLOT 
!*  
/REPLOT,RESIZE  
!*  
ANTIME,10,0.5, ,1,0,0,0 
!*  
EPLOT   
NPLOT   
!*  
PLNS,BFE,TEMP   
ANTIME,15,0.5, ,1,0,0,0 
!*  
! DELTIM,1  
FINISH  
/SOL
DELTIM,1
/STATUS,SOLU
! SOLVE 
/DIST,1,1.08222638492,1 
/REP,FAST   
/DIST,1,1.08222638492,1 
/REP,FAST   
/DIST,1,1.08222638492,1 
/REP,FAST   
/DIST,1,1.08222638492,1 
/REP,FAST   
/DIST,1,1.08222638492,1 
/REP,FAST   
/DIST,1,1.08222638492,1 
/REP,FAST   
/DIST,1,1.08222638492,1 
/REP,FAST   
/DIST,1,1.08222638492,1 
/REP,FAST   
/DIST,1,1.08222638492,1 
/REP,FAST   
/DIST,1,1.08222638492,1 
/REP,FAST   
/DIST,1,1.08222638492,1 
/REP,FAST   
/DIST,1,1.08222638492,1 
/REP,FAST   
/DIST,1,1.08222638492,1 
/REP,FAST   
/DIST,1,1.08222638492,1 
/REP,FAST   
/DIST,1,1.08222638492,1 
/REP,FAST   
/DIST,1,1.08222638492,1 
/REP,FAST   
/DIST,1,1.08222638492,1 
/REP,FAST   
/DIST,1,1.08222638492,1 
/REP,FAST   
/DIST,1,1.08222638492,1 
/REP,FAST   
/DIST,1,1.08222638492,1 
/REP,FAST   
/DIST,1,1.08222638492,1 
/REP,FAST   
/STATUS,SOLU
SOLVE   
FINISH  
/POST1  
FINISH  
/SOL
FINISH  
/POST1  
!*  
ANTIME,15,0.5, ,1,0,0,0 
!*  
/DIST,1,0.924021086472,1
/REP,FAST   
/DIST,1,0.924021086472,1
/REP,FAST   
/DIST,1,0.924021086472,1
/REP,FAST   
/DIST,1,0.924021086472,1
/REP,FAST   
/DIST,1,0.924021086472,1
/REP,FAST   
/DIST,1,0.924021086472,1
/REP,FAST   
/DIST,1,0.924021086472,1
/REP,FAST   
/DIST,1,0.924021086472,1
/REP,FAST   
/DIST,1,0.924021086472,1
/REP,FAST   
/DIST,1,0.924021086472,1
/REP,FAST   
/DIST,1,1.08222638492,1 
/REP,FAST   
/DIST,1,1.08222638492,1 
/REP,FAST   
/DIST,1,1.08222638492,1 
/REP,FAST   
/DIST,1,1.08222638492,1 
/REP,FAST   
/DIST,1,1.08222638492,1 
/REP,FAST   
/DIST,1,1.08222638492,1 
/REP,FAST   
/DIST,1,1.08222638492,1 
/REP,FAST   
/DIST,1,1.08222638492,1 
/REP,FAST   
/DIST,1,1.08222638492,1 
/REP,FAST   
/DIST,1,1.08222638492,1 
/REP,FAST   
/DIST,1,1.08222638492,1 
/REP,FAST   
/DIST,1,1.08222638492,1 
/REP,FAST   
/DIST,1,1.08222638492,1 
/REP,FAST   
/DIST,1,1.08222638492,1 
/REP,FAST   
/DIST,1,1.08222638492,1 
/REP,FAST   
/DIST,1,0.924021086472,1
/REP,FAST   
/DIST,1,0.924021086472,1
/REP,FAST   
/DIST,1,0.924021086472,1
/REP,FAST   
/DIST,1,0.924021086472,1
/REP,FAST   
/DIST,1,0.924021086472,1
/REP,FAST   
/DIST,1,0.924021086472,1
/REP,FAST   
/DIST,1,0.924021086472,1
/REP,FAST   
/DIST,1,0.924021086472,1
/REP,FAST   
/DIST,1,0.924021086472,1
/REP,FAST   
/DIST,1,0.924021086472,1
/REP,FAST   
/DIST,1,0.924021086472,1
/REP,FAST   
/DIST,1,0.924021086472,1
/REP,FAST   
/DIST,1,0.924021086472,1
/REP,FAST   
/DIST,1,0.924021086472,1
/REP,FAST   
/DIST,1,0.924021086472,1
/REP,FAST   
/DIST,1,0.924021086472,1
/REP,FAST   
/DIST,1,0.924021086472,1
/REP,FAST   
/DIST,1,0.924021086472,1
/REP,FAST   
/DIST,1,0.924021086472,1
/REP,FAST   
/DIST,1,0.924021086472,1
/REP,FAST   
/DIST,1,0.924021086472,1
/REP,FAST   
/DIST,1,0.924021086472,1
/REP,FAST   
/DIST,1,0.924021086472,1
/REP,FAST   
/DIST,1,0.924021086472,1
/REP,FAST   
/DIST,1,0.924021086472,1
/REP,FAST   
/DIST,1,0.924021086472,1
/REP,FAST   
/DIST,1,0.924021086472,1
/REP,FAST   
/DIST,1,0.924021086472,1
/REP,FAST   
/DIST,1,0.924021086472,1
/REP,FAST   
/DIST,1,0.924021086472,1
/REP,FAST   
/DIST,1,0.924021086472,1
/REP,FAST   
/DIST,1,0.924021086472,1
/REP,FAST   
/DIST,1,0.924021086472,1
/REP,FAST   
/DIST,1,0.924021086472,1
/REP,FAST   
/DIST,1,0.924021086472,1
/REP,FAST   
/DIST,1,0.924021086472,1
/REP,FAST   
/DIST,1,0.924021086472,1
/REP,FAST   
/DIST,1,0.924021086472,1
/REP,FAST   
/DIST,1,0.924021086472,1
/REP,FAST   
/DIST,1,0.924021086472,1
/REP,FAST   
/DIST,1,0.924021086472,1
/REP,FAST   
/DIST,1,0.924021086472,1
/REP,FAST   
/DIST,1,0.924021086472,1
/REP,FAST   
/DIST,1,1.08222638492,1 
/REP,FAST   
/DIST,1,1.08222638492,1 
/REP,FAST   
/DIST,1,1.08222638492,1 
/REP,FAST   
/DIST,1,1.08222638492,1 
/REP,FAST   
/DIST,1,1.08222638492,1 
/REP,FAST   
/DIST,1,0.924021086472,1
/REP,FAST   
/DIST,1,0.924021086472,1
/REP,FAST   
/DIST,1,0.924021086472,1
/REP,FAST   
/DIST,1,0.924021086472,1
/REP,FAST   
/DIST,1,0.924021086472,1
/REP,FAST   
/DIST,1,0.924021086472,1
/REP,FAST   
/DIST,1,0.924021086472,1
/REP,FAST   
/DIST,1,0.924021086472,1
/REP,FAST   
/DIST,1,0.924021086472,1
/REP,FAST   
/DIST,1,0.924021086472,1
/REP,FAST   
/DIST,1,0.924021086472,1
/REP,FAST   
/DIST,1,0.924021086472,1
/REP,FAST   
/DIST,1,0.924021086472,1
/REP,FAST   
/DIST,1,0.924021086472,1
/REP,FAST   
/DIST,1,0.924021086472,1
/REP,FAST   
/DIST,1,0.924021086472,1
/REP,FAST   
/DIST,1,0.924021086472,1
/REP,FAST   
/DIST,1,0.924021086472,1
/REP,FAST   
/DIST,1,0.924021086472,1
/REP,FAST   
/DIST,1,0.924021086472,1
/REP,FAST   
/DIST,1,0.924021086472,1
/REP,FAST   
/DIST,1,0.924021086472,1
/REP,FAST   
/DIST,1,0.924021086472,1
/REP,FAST   
/DIST,1,0.924021086472,1
/REP,FAST   
/DIST,1,1.08222638492,1 
/REP,FAST   
/DIST,1,0.924021086472,1
/REP,FAST   
/DIST,1,0.924021086472,1
/REP,FAST   
/DIST,1,0.924021086472,1
/REP,FAST   
/DIST,1,0.924021086472,1
/REP,FAST   
/DIST,1,0.924021086472,1
/REP,FAST   
/DIST,1,0.924021086472,1
/REP,FAST   
/DIST,1,0.924021086472,1
/REP,FAST   
/DIST,1,0.924021086472,1
/REP,FAST   
/DIST,1,0.924021086472,1
/REP,FAST   
/DIST,1,0.924021086472,1
/REP,FAST   
/DIST,1,0.924021086472,1
/REP,FAST   
/DIST,1,0.924021086472,1
/REP,FAST   
/DIST,1,0.924021086472,1
/REP,FAST   
/DIST,1,0.924021086472,1
/REP,FAST   
/DIST,1,0.924021086472,1
/REP,FAST   
/DIST,1,0.924021086472,1
/REP,FAST   
/DIST,1,0.924021086472,1
/REP,FAST   
/DIST,1,0.924021086472,1
/REP,FAST   
/DIST,1,0.924021086472,1
/REP,FAST   
/DIST,1,0.924021086472,1
/REP,FAST   
/DIST,1,0.924021086472,1
/REP,FAST   
/DIST,1,0.924021086472,1
/REP,FAST   
/DIST,1,0.924021086472,1
/REP,FAST   
/DIST,1,1.08222638492,1 
/REP,FAST   
/DIST,1,1.08222638492,1 
/REP,FAST   
/DIST,1,1.08222638492,1 
/REP,FAST   
/DIST,1,1.08222638492,1 
/REP,FAST   
/DIST,1,1.08222638492,1 
/REP,FAST   
/DIST,1,1.08222638492,1 
/REP,FAST   
/DIST,1,1.08222638492,1 
/REP,FAST   
/DIST,1,1.08222638492,1 
/REP,FAST   
/DIST,1,1.08222638492,1 
/REP,FAST   
/DIST,1,1.08222638492,1 
/REP,FAST   
/DIST,1,1.08222638492,1 
/REP,FAST   
/DIST,1,1.08222638492,1 
/REP,FAST   
/DIST,1,1.08222638492,1 
/REP,FAST   
/DIST,1,1.08222638492,1 
/REP,FAST   
/DIST,1,1.08222638492,1 
/REP,FAST   
/DIST,1,1.08222638492,1 
/REP,FAST   
/DIST,1,1.08222638492,1 
/REP,FAST   
/DIST,1,1.08222638492,1 
/REP,FAST   
/DIST,1,1.08222638492,1 
/REP,FAST   
/DIST,1,1.08222638492,1 
/REP,FAST   
/DIST,1,1.08222638492,1 
/REP,FAST   
/DIST,1,1.08222638492,1 
/REP,FAST   
/DIST,1,1.08222638492,1 
/REP,FAST   
/DIST,1,1.08222638492,1 
/REP,FAST   
/DIST,1,1.08222638492,1 
/REP,FAST   
/DIST,1,1.08222638492,1 
/REP,FAST   
/DIST,1,1.08222638492,1 
/REP,FAST   
/DIST,1,1.08222638492,1 
/REP,FAST   
/DIST,1,1.08222638492,1 
/REP,FAST   
/DIST,1,1.08222638492,1 
/REP,FAST   
/DIST,1,1.08222638492,1 
/REP,FAST   
/DIST,1,1.08222638492,1 
/REP,FAST   
/DIST,1,1.08222638492,1 
/REP,FAST   
/DIST,1,1.08222638492,1 
/REP,FAST   
/DIST,1,1.08222638492,1 
/REP,FAST   
/DIST,1,1.08222638492,1 
/REP,FAST   
/DIST,1,1.08222638492,1 
/REP,FAST   
/DIST,1,1.08222638492,1 
/REP,FAST   
/DIST,1,1.08222638492,1 
/REP,FAST   
/DIST,1,1.08222638492,1 
/REP,FAST   
/DIST,1,1.08222638492,1 
/REP,FAST   
/DIST,1,1.08222638492,1 
/REP,FAST   
/DIST,1,1.08222638492,1 
/REP,FAST   
/DIST,1,1.08222638492,1 
/REP,FAST   
/DIST,1,1.08222638492,1 
/REP,FAST   
/DIST,1,1.08222638492,1 
/REP,FAST   
/DIST,1,1.08222638492,1 
/REP,FAST   
/DIST,1,1.08222638492,1 
/REP,FAST   
/DIST,1,1.08222638492,1 
/REP,FAST   
/DIST,1,1.08222638492,1 
/REP,FAST   
/DIST,1,1.08222638492,1 
/REP,FAST   
/DIST,1,1.08222638492,1 
/REP,FAST   
/DIST,1,1.08222638492,1 
/REP,FAST   
/DIST,1,1.08222638492,1 
/REP,FAST   
/DIST,1,1.08222638492,1 
/REP,FAST   
/DIST,1,1.08222638492,1 
/REP,FAST   
/DIST,1,1.08222638492,1 
/REP,FAST   
/DIST,1,1.08222638492,1 
/REP,FAST   
/DIST,1,1.08222638492,1 
/REP,FAST   
/DIST,1,1.08222638492,1 
/REP,FAST   
/DIST,1,1.08222638492,1 
/REP,FAST   
/DIST,1,1.08222638492,1 
/REP,FAST   
/DIST,1,1.08222638492,1 
/REP,FAST   
/DIST,1,1.08222638492,1 
/REP,FAST   
/DIST,1,1.08222638492,1 
/REP,FAST   
/DIST,1,1.08222638492,1 
/REP,FAST   
/DIST,1,1.08222638492,1 
/REP,FAST   
/DIST,1,1.08222638492,1 
/REP,FAST   
/DIST,1,1.08222638492,1 
/REP,FAST   
/DIST,1,1.08222638492,1 
/REP,FAST   
/DIST,1,1.08222638492,1 
/REP,FAST   
/DIST,1,1.08222638492,1 
/REP,FAST   
/DIST,1,1.08222638492,1 
/REP,FAST   
/DIST,1,1.08222638492,1 
/REP,FAST   
/DIST,1,1.08222638492,1 
/REP,FAST   
/DIST,1,1.08222638492,1 
/REP,FAST   
/DIST,1,1.08222638492,1 
/REP,FAST   
/DIST,1,1.08222638492,1 
/REP,FAST   
/DIST,1,1.08222638492,1 
/REP,FAST   
/DIST,1,1.08222638492,1 
/REP,FAST   
/DIST,1,1.08222638492,1 
/REP,FAST   
/DIST,1,1.08222638492,1 
/REP,FAST   
/DIST,1,1.08222638492,1 
/REP,FAST   
/DIST,1,1.08222638492,1 
/REP,FAST   
/DIST,1,1.08222638492,1 
/REP,FAST   
/DIST,1,0.924021086472,1
/REP,FAST   
/DIST,1,0.924021086472,1
/REP,FAST   
/DIST,1,0.924021086472,1
/REP,FAST   
/DIST,1,0.924021086472,1
/REP,FAST   
/DIST,1,0.924021086472,1
/REP,FAST   
/DIST,1,0.924021086472,1
/REP,FAST   
/DIST,1,0.924021086472,1
/REP,FAST   
/DIST,1,0.924021086472,1
/REP,FAST   
/DIST,1,0.924021086472,1
/REP,FAST   
/DIST,1,0.924021086472,1
/REP,FAST   
/DIST,1,0.924021086472,1
/REP,FAST   
/DIST,1,0.924021086472,1
/REP,FAST   
/DIST,1,0.924021086472,1
/REP,FAST   
/DIST,1,0.924021086472,1
/REP,FAST   
/DIST,1,0.924021086472,1
/REP,FAST   
/DIST,1,0.924021086472,1
/REP,FAST   
/DIST,1,0.924021086472,1
/REP,FAST   
/DIST,1,0.924021086472,1
/REP,FAST   
/DIST,1,0.924021086472,1
/REP,FAST   
/DIST,1,0.924021086472,1
/REP,FAST   
/DIST,1,0.924021086472,1
/REP,FAST   
/DIST,1,0.924021086472,1
/REP,FAST   
/DIST,1,0.924021086472,1
/REP,FAST   
/DIST,1,0.924021086472,1
/REP,FAST   
/DIST,1,0.924021086472,1
/REP,FAST   
/DIST,1,0.924021086472,1
/REP,FAST   
/DIST,1,0.924021086472,1
/REP,FAST   
/DIST,1,0.924021086472,1
/REP,FAST   
/DIST,1,0.924021086472,1
/REP,FAST   
/DIST,1,0.924021086472,1
/REP,FAST   
/DIST,1,0.924021086472,1
/REP,FAST   
/DIST,1,0.924021086472,1
/REP,FAST   
/DIST,1,0.924021086472,1
/REP,FAST   
/DIST,1,0.924021086472,1
/REP,FAST   
/DIST,1,0.924021086472,1
/REP,FAST   
/DIST,1,0.924021086472,1
/REP,FAST   
/DIST,1,0.924021086472,1
/REP,FAST   
/DIST,1,0.924021086472,1
/REP,FAST   
/DIST,1,0.924021086472,1
/REP,FAST   
/DIST,1,0.924021086472,1
/REP,FAST   
/DIST,1,0.924021086472,1
/REP,FAST   
/DIST,1,0.924021086472,1
/REP,FAST   
/DIST,1,1.08222638492,1 
/REP,FAST   
/DIST,1,1.08222638492,1 
/REP,FAST   
/DIST,1,1.08222638492,1 
/REP,FAST   
/DIST,1,1.08222638492,1 
/REP,FAST   
/DIST,1,1.08222638492,1 
/REP,FAST   
/DIST,1,1.08222638492,1 
/REP,FAST   
/DIST,1,1.08222638492,1 
/REP,FAST   
/DIST,1,1.08222638492,1 
/REP,FAST   
/DIST,1,1.08222638492,1 
/REP,FAST   
/DIST,1,1.08222638492,1 
/REP,FAST   
/DIST,1,1.08222638492,1 
/REP,FAST   
/DIST,1,1.08222638492,1 
/REP,FAST   
/DIST,1,1.08222638492,1 
/REP,FAST   
/DIST,1,1.08222638492,1 
/REP,FAST   
/DIST,1,1.08222638492,1 
/REP,FAST   
/DIST,1,1.08222638492,1 
/REP,FAST   
/DIST,1,1.08222638492,1 
/REP,FAST   
/DIST,1,1.08222638492,1 
/REP,FAST   
/DIST,1,1.08222638492,1 
/REP,FAST   
/DIST,1,1.08222638492,1 
/REP,FAST   
/DIST,1,1.08222638492,1 
/REP,FAST   
/DIST,1,1.08222638492,1 
/REP,FAST   
/DIST,1,1.08222638492,1 
/REP,FAST   
/DIST,1,1.08222638492,1 
/REP,FAST   
/DIST,1,0.924021086472,1
/REP,FAST   
/DIST,1,0.924021086472,1
/REP,FAST   
/DIST,1,0.924021086472,1
/REP,FAST   
/DIST,1,0.924021086472,1
/REP,FAST   
/DIST,1,0.924021086472,1
/REP,FAST   
/DIST,1,0.924021086472,1
/REP,FAST   
/DIST,1,0.924021086472,1
/REP,FAST   
/DIST,1,0.924021086472,1
/REP,FAST   
/DIST,1,0.924021086472,1
/REP,FAST   
/DIST,1,0.924021086472,1
/REP,FAST   
/DIST,1,0.924021086472,1
/REP,FAST   
/DIST,1,0.924021086472,1
/REP,FAST   
/DIST,1,0.924021086472,1
/REP,FAST   
/DIST,1,0.924021086472,1
/REP,FAST   
/DIST,1,0.924021086472,1
/REP,FAST   
/DIST,1,0.924021086472,1
/REP,FAST   
/DIST,1,0.924021086472,1
/REP,FAST   
/DIST,1,0.924021086472,1
/REP,FAST   
/DIST,1,0.924021086472,1
/REP,FAST   
/DIST,1,0.924021086472,1
/REP,FAST   
/DIST,1,0.924021086472,1
/REP,FAST   
/DIST,1,0.924021086472,1
/REP,FAST   
/DIST,1,0.924021086472,1
/REP,FAST   
/DIST,1,1.08222638492,1 
/REP,FAST   
/DIST,1,1.08222638492,1 
/REP,FAST   
/DIST,1,1.08222638492,1 
/REP,FAST   
/DIST,1,1.08222638492,1 
/REP,FAST   
/DIST,1,1.08222638492,1 
/REP,FAST   
/DIST,1,1.08222638492,1 
/REP,FAST   
/DIST,1,1.08222638492,1 
/REP,FAST   
/DIST,1,1.08222638492,1 
/REP,FAST   
/DIST,1,1.08222638492,1 
/REP,FAST   
/DIST,1,1.08222638492,1 
/REP,FAST   
/DIST,1,1.08222638492,1 
/REP,FAST   
/DIST,1,1.08222638492,1 
/REP,FAST   
/DIST,1,1.08222638492,1 
/REP,FAST   
/DIST,1,1.08222638492,1 
/REP,FAST   
/DIST,1,1.08222638492,1 
/REP,FAST   
/DIST,1,1.08222638492,1 
/REP,FAST   
/DIST,1,0.924021086472,1
/REP,FAST   
/DIST,1,0.924021086472,1
/REP,FAST   
/DIST,1,0.924021086472,1
/REP,FAST   
/DIST,1,0.924021086472,1
/REP,FAST   
/DIST,1,0.924021086472,1
/REP,FAST   
/DIST,1,0.924021086472,1
/REP,FAST   
/DIST,1,0.924021086472,1
/REP,FAST   
/DIST,1,0.924021086472,1
/REP,FAST   
/DIST,1,0.924021086472,1
/REP,FAST   
/DIST,1,1.08222638492,1 
/REP,FAST   
/DIST,1,1.08222638492,1 
/REP,FAST   
/DIST,1,1.08222638492,1 
/REP,FAST   
/DIST,1,1.08222638492,1 
/REP,FAST   
/DIST,1,1.08222638492,1 
/REP,FAST   
/DIST,1,1.08222638492,1 
/REP,FAST   
/DIST,1,1.08222638492,1 
/REP,FAST   
/DIST,1,1.08222638492,1 
/REP,FAST   
/DIST,1,0.924021086472,1
/REP,FAST   
/DIST,1,0.924021086472,1
/REP,FAST   
/DIST,1,0.924021086472,1
/REP,FAST   
/DIST,1,0.924021086472,1
/REP,FAST   
/DIST,1,0.924021086472,1
/REP,FAST   
/DIST,1,1.08222638492,1 
/REP,FAST   
/DIST,1,1.08222638492,1 
/REP,FAST   
/DIST,1,1.08222638492,1 
/REP,FAST   
/DIST,1,0.924021086472,1
/REP,FAST   
FINISH  
/SOL
/BATCH  
/COM,ANSYS RELEASE  9.0A1  UP20050128       12:34:37    05/12/2014
/input,menust,tmp,'',,,,,,,,,,,,,,,,1   
/GRA,POWER
/GST,ON
/PLO,INFO,3
/GRO,CURL,ON
/CPLANE,1   
/REPLOT,RESIZE  
WPSTYLE,,,,,,,,0
RESUME,'femlab','db','.'
/COM,ANSYS RELEASE  9.0A1  UP20050128       12:34:47    05/12/2014
/REPLOT,RESIZE  
/PREP7  
FINISH  
/SOL
TUNIF,0,
TIME,15 
DELTIM,1
/STATUS,SOLU
SOLVE   
FINISH  
/PREP7  
!*  
MPTEMP,,,,,,,,  
MPTEMP,1,0  
MPDATA,EX,1,,1  
MPDATA,PRXY,1,, 
FINISH  
/SOL
SAVE
/STATUS,SOLU
SOLVE   
FINISH  
/POST1  
SET,LAST
SET,LAST
SET,LAST
SET,LAST
SET,LAST
SET,LAST
!*  
PLESOL, BFE,TEMP, 0,1.0 
PLESOL, BFE,TEMP, 0,1.0 
SET,LIST,2  
SET,PREVIOUS
SET,PREVIOUS
SET,PREVIOUS
!*  
PLESOL, BFE,TEMP, 0,1.0 
PLESOL, BFE,TEMP, 0,1.0 
SET,LIST,2  
SET,FIRST   
SET,LIST,2  
SET,LIST,999
SET,,, ,,, ,1   
SET,,, ,,, ,1   
FINISH  
/SOL
!*  
OUTPR,BASIC,LAST,   
!*  
OUTPR,BASIC,LAST,   
!*  
OUTPR,BASIC,LAST,   
!*  
OUTPR,BASIC,LAST,   
/STATUS,SOLU
SOLVE   
FINISH  
/POST1  
SET,LIST,999
SET,,, ,,, ,1   
SET,FIRST   
!*  
PLESOL, BFE,TEMP, 0,1.0 
PLESOL, VOLU,, 0,1.0
PLESOL, BFE,TEMP, 0,1.0 
PLESOL, BFE,TEMP, 0,1.0 
CMPL,P  
SAVE
!*  
ANTIME,15,0.5, ,1,0,0,0 
!*  
SET,LIST,2  
PRERR   
!*  
PLESOL, BFE,TEMP, 0,1.0 
!*  
/EFACET,1   
PLNSOL, BFE,TEMP, 0,1.0 
/EFACET,1   
PLNSOL, BFE,TEMP, 0,1.0 
SET,LIST
FINISH  
/SOL
!*  
OUTPR,BASIC,ALL,
!*  
OUTPR,BASIC,ALL,
!*  
OUTPR,BASIC,ALL,
/STATUS,SOLU
SOLVE   
FINISH  
/POST1  
SET,LIST,2  
FINISH  
/SOL
!*  
ANTYPE,4
!*  
TRNOPT,FULL 
LUMPM,0 
!*  
/GST,1  
OUTPR,STAT  
OUTRES,STAT 
!*  
!*  
OUTPR,BASIC,ALL,
SAVE
/STATUS,SOLU
SOLVE   
FINISH  
/POST1  
/DIST,1,1.08222638492,1 
/REP,FAST   
/DIST,1,1.08222638492,1 
/REP,FAST   
/DIST,1,1.08222638492,1 
/REP,FAST   
/DIST,1,1.08222638492,1 
/REP,FAST   
/DIST,1,1.08222638492,1 
/REP,FAST   
/DIST,1,1.08222638492,1 
/REP,FAST   
/DIST,1,1.08222638492,1 
/REP,FAST   
/DIST,1,1.08222638492,1 
/REP,FAST   
/DIST,1,1.08222638492,1 
/REP,FAST   
/DIST,1,1.08222638492,1 
/REP,FAST   
/DIST,1,1.08222638492,1 
/REP,FAST   
/DIST,1,1.08222638492,1 
/REP,FAST   
/DIST,1,1.08222638492,1 
/REP,FAST   
/DIST,1,1.08222638492,1 
/REP,FAST   
/DIST,1,1.08222638492,1 
/REP,FAST   
/DIST,1,1.08222638492,1 
/REP,FAST   
/DIST,1,1.08222638492,1 
/REP,FAST   
/DIST,1,1.08222638492,1 
/REP,FAST   
/DIST,1,1.08222638492,1 
/REP,FAST   
/DIST,1,1.08222638492,1 
/REP,FAST   
/DIST,1,1.08222638492,1 
/REP,FAST   
/DIST,1,1.08222638492,1 
/REP,FAST   
/DIST,1,1.08222638492,1 
/REP,FAST   
/DIST,1,1.08222638492,1 
/REP,FAST   
/DIST,1,1.08222638492,1 
/REP,FAST   
/DIST,1,1.08222638492,1 
/REP,FAST   
/DIST,1,1.08222638492,1 
/REP,FAST   
/DIST,1,1.08222638492,1 
/REP,FAST   
/DIST,1,1.08222638492,1 
/REP,FAST   
/DIST,1,1.08222638492,1 
/REP,FAST   
/DIST,1,1.08222638492,1 
/REP,FAST   
/DIST,1,1.08222638492,1 
/REP,FAST   
/DIST,1,1.08222638492,1 
/REP,FAST   
/DIST,1,1.08222638492,1 
/REP,FAST   
/DIST,1,1.08222638492,1 
/REP,FAST   
/DIST,1,1.08222638492,1 
/REP,FAST   
/DIST,1,1.08222638492,1 
/REP,FAST   
/DIST,1,1.08222638492,1 
/REP,FAST   
/DIST,1,1.08222638492,1 
/REP,FAST   
/DIST,1,1.08222638492,1 
/REP,FAST   
/DIST,1,1.08222638492,1 
/REP,FAST   
/DIST,1,1.08222638492,1 
/REP,FAST   
/DIST,1,1.08222638492,1 
/REP,FAST   
/DIST,1,1.08222638492,1 
/REP,FAST   
/DIST,1,1.08222638492,1 
/REP,FAST   
/DIST,1,1.08222638492,1 
/REP,FAST   
/DIST,1,1.08222638492,1 
/REP,FAST   
/DIST,1,1.08222638492,1 
/REP,FAST   
/DIST,1,1.08222638492,1 
/REP,FAST   
/DIST,1,1.08222638492,1 
/REP,FAST   
/DIST,1,1.08222638492,1 
/REP,FAST   
/DIST,1,1.08222638492,1 
/REP,FAST   
/DIST,1,1.08222638492,1 
/REP,FAST   
/DIST,1,0.924021086472,1
/REP,FAST   
/DIST,1,0.924021086472,1
/REP,FAST   
/DIST,1,0.924021086472,1
/REP,FAST   
/DIST,1,0.924021086472,1
/REP,FAST   
/DIST,1,0.924021086472,1
/REP,FAST   
/DIST,1,0.924021086472,1
/REP,FAST   
/DIST,1,0.924021086472,1
/REP,FAST   
/DIST,1,0.924021086472,1
/REP,FAST   
/DIST,1,0.924021086472,1
/REP,FAST   
/DIST,1,0.924021086472,1
/REP,FAST   
/DIST,1,0.924021086472,1
/REP,FAST   
/DIST,1,0.924021086472,1
/REP,FAST   
/DIST,1,0.924021086472,1
/REP,FAST   
/DIST,1,0.924021086472,1
/REP,FAST   
/DIST,1,0.924021086472,1
/REP,FAST   
/DIST,1,0.924021086472,1
/REP,FAST   
/DIST,1,0.924021086472,1
/REP,FAST   
/DIST,1,0.924021086472,1
/REP,FAST   
/DIST,1,0.924021086472,1
/REP,FAST   
/DIST,1,0.924021086472,1
/REP,FAST   
/DIST,1,0.924021086472,1
/REP,FAST   
/DIST,1,0.924021086472,1
/REP,FAST   
/DIST,1,0.924021086472,1
/REP,FAST   
/DIST,1,0.924021086472,1
/REP,FAST   
/DIST,1,0.924021086472,1
/REP,FAST   
/DIST,1,0.924021086472,1
/REP,FAST   
/DIST,1,0.924021086472,1
/REP,FAST   
/DIST,1,0.924021086472,1
/REP,FAST   
/DIST,1,0.924021086472,1
/REP,FAST   
/DIST,1,0.924021086472,1
/REP,FAST   
/DIST,1,0.924021086472,1
/REP,FAST   
/DIST,1,0.924021086472,1
/REP,FAST   
/DIST,1,0.924021086472,1
/REP,FAST   
/DIST,1,0.924021086472,1
/REP,FAST   
/DIST,1,0.924021086472,1
/REP,FAST   
/DIST,1,0.924021086472,1
/REP,FAST   
/DIST,1,0.924021086472,1
/REP,FAST   
/DIST,1,0.924021086472,1
/REP,FAST   
/DIST,1,0.924021086472,1
/REP,FAST   
/DIST,1,0.924021086472,1
/REP,FAST   
/DIST,1,0.924021086472,1
/REP,FAST   
/DIST,1,0.924021086472,1
/REP,FAST   
/DIST,1,0.924021086472,1
/REP,FAST   
/DIST,1,0.924021086472,1
/REP,FAST   
/DIST,1,0.924021086472,1
/REP,FAST   
/DIST,1,0.924021086472,1
/REP,FAST   
/DIST,1,0.924021086472,1
/REP,FAST   
/DIST,1,0.924021086472,1
/REP,FAST   
/DIST,1,0.924021086472,1
/REP,FAST   
/DIST,1,0.924021086472,1
/REP,FAST   
/DIST,1,0.924021086472,1
/REP,FAST   
/DIST,1,0.924021086472,1
/REP,FAST   
/DIST,1,0.924021086472,1
/REP,FAST   
/DIST,1,0.924021086472,1
/REP,FAST   
/DIST,1,0.924021086472,1
/REP,FAST   
/DIST,1,0.924021086472,1
/REP,FAST   
/DIST,1,0.924021086472,1
/REP,FAST   
/DIST,1,0.924021086472,1
/REP,FAST   
/DIST,1,0.924021086472,1
/REP,FAST   
/DIST,1,0.924021086472,1
/REP,FAST   
/DIST,1,0.924021086472,1
/REP,FAST   
/DIST,1,0.924021086472,1
/REP,FAST   
/DIST,1,0.924021086472,1
/REP,FAST   
/DIST,1,0.924021086472,1
/REP,FAST   
/DIST,1,1.08222638492,1 
/REP,FAST   
/DIST,1,1.08222638492,1 
/REP,FAST   
/DIST,1,1.08222638492,1 
/REP,FAST   
/DIST,1,1.08222638492,1 
/REP,FAST   
/DIST,1,1.08222638492,1 
/REP,FAST   
/DIST,1,1.08222638492,1 
/REP,FAST   
/DIST,1,1.08222638492,1 
/REP,FAST   
/DIST,1,1.08222638492,1 
/REP,FAST   
/DIST,1,1.08222638492,1 
/REP,FAST   
/DIST,1,1.08222638492,1 
/REP,FAST   
/DIST,1,1.08222638492,1 
/REP,FAST   
/DIST,1,1.08222638492,1 
/REP,FAST   
/DIST,1,1.08222638492,1 
/REP,FAST   
/DIST,1,1.08222638492,1 
/REP,FAST   
/DIST,1,1.08222638492,1 
/REP,FAST   
/DIST,1,1.08222638492,1 
/REP,FAST   
/DIST,1,1.08222638492,1 
/REP,FAST   
/DIST,1,1.08222638492,1 
/REP,FAST   
/DIST,1,1.08222638492,1 
/REP,FAST   
/DIST,1,1.08222638492,1 
/REP,FAST   
/DIST,1,1.08222638492,1 
/REP,FAST   
/DIST,1,1.08222638492,1 
/REP,FAST   
/DIST,1,1.08222638492,1 
/REP,FAST   
/DIST,1,1.08222638492,1 
/REP,FAST   
/DIST,1,1.08222638492,1 
/REP,FAST   
/DIST,1,1.08222638492,1 
/REP,FAST   
/DIST,1,1.08222638492,1 
/REP,FAST   
/DIST,1,1.08222638492,1 
/REP,FAST   
/DIST,1,1.08222638492,1 
/REP,FAST   
/DIST,1,0.924021086472,1
/REP,FAST   
/DIST,1,0.924021086472,1
/REP,FAST   
/DIST,1,0.924021086472,1
/REP,FAST   
/DIST,1,0.924021086472,1
/REP,FAST   
/DIST,1,0.924021086472,1
/REP,FAST   
/DIST,1,0.924021086472,1
/REP,FAST   
/DIST,1,0.924021086472,1
/REP,FAST   
/DIST,1,0.924021086472,1
/REP,FAST   
/DIST,1,0.924021086472,1
/REP,FAST   
/DIST,1,0.924021086472,1
/REP,FAST   
/DIST,1,0.924021086472,1
/REP,FAST   
/DIST,1,0.924021086472,1
/REP,FAST   
/DIST,1,0.924021086472,1
/REP,FAST   
/DIST,1,0.924021086472,1
/REP,FAST   
/DIST,1,0.924021086472,1
/REP,FAST   
/DIST,1,0.924021086472,1
/REP,FAST   
/DIST,1,0.924021086472,1
/REP,FAST   
/DIST,1,0.924021086472,1
/REP,FAST   
/DIST,1,0.924021086472,1
/REP,FAST   
/DIST,1,0.924021086472,1
/REP,FAST   
/DIST,1,0.924021086472,1
/REP,FAST   
/DIST,1,0.924021086472,1
/REP,FAST   
/DIST,1,0.924021086472,1
/REP,FAST   
/DIST,1,0.924021086472,1
/REP,FAST   
/DIST,1,0.924021086472,1
/REP,FAST   
/DIST,1,0.924021086472,1
/REP,FAST   
/DIST,1,1.08222638492,1 
/REP,FAST   
/DIST,1,1.08222638492,1 
/REP,FAST   
/DIST,1,1.08222638492,1 
/REP,FAST   
/DIST,1,1.08222638492,1 
/REP,FAST   
/DIST,1,1.08222638492,1 
/REP,FAST   
/DIST,1,1.08222638492,1 
/REP,FAST   
/DIST,1,1.08222638492,1 
/REP,FAST   
/DIST,1,1.08222638492,1 
/REP,FAST   
/DIST,1,1.08222638492,1 
/REP,FAST   
/DIST,1,1.08222638492,1 
/REP,FAST   
/DIST,1,1.08222638492,1 
/REP,FAST   
/DIST,1,1.08222638492,1 
/REP,FAST   
/DIST,1,1.08222638492,1 
/REP,FAST   
/DIST,1,0.924021086472,1
/REP,FAST   
/DIST,1,0.924021086472,1
/REP,FAST   
/DIST,1,0.924021086472,1
/REP,FAST   
/DIST,1,0.924021086472,1
/REP,FAST   
/DIST,1,0.924021086472,1
/REP,FAST   
/DIST,1,0.924021086472,1
/REP,FAST   
/DIST,1,0.924021086472,1
/REP,FAST   
/DIST,1,0.924021086472,1
/REP,FAST   
/DIST,1,1.08222638492,1 
/REP,FAST   
/DIST,1,1.08222638492,1 
/REP,FAST   
!*  
PRNSOL,BFE  
PRNSOL,BFE  
SET,LIST,999
SET,,, ,,, ,1   
SET,,, ,,, ,1   
SET,LAST
!*  
ANTIME,15,0.5, ,1,0,0,0 
!*  
!*  
/CONT,1,5,AUTO  
/REPLOT 
!*  
!*  
/CONT,1,5,AUTO  
/REPLOT 
!*  
/REPLOT 
!*  
PLESOL, BFE,TEMP, 0,1.0 
PLESOL, BFE,TEMP, 0,1.0 
SET,LIST,2  
FINISH  
/SOL
!*  
OUTPR,ALL,ALL,  
!*  
OUTPR,ALL,ALL,  
/STATUS,SOLU
SOLVE   
FINISH  
/POST1  
SET,LIST,2  
FINISH  
/SOL
TIME,15 
DELTIM,0.5  
/STATUS,SOLU
SOLVE   
FINISH  
/POST1  
SET,LIST,2  
PRITER  
FINISH  
/SOL
ANTYPE,,REST,1,1,0  
/COM,ANSYS RELEASE  9.0A1  UP20050128       13:02:56    05/12/2014
!*  
ANTYPE,,REST,1,10,0 
/COM,ANSYS RELEASE  9.0A1  UP20050128       13:03:10    05/12/2014
!*  
TUNIF,0,
!*  
WRFULL,OFF  
TOFFST,273  
/STATUS,SOLU
SOLVE   
/DIST,1,1.08222638492,1 
/REP,FAST   
/DIST,1,1.08222638492,1 
/REP,FAST   
/DIST,1,1.08222638492,1 
/REP,FAST   
/DIST,1,1.08222638492,1 
/REP,FAST   
/DIST,1,1.08222638492,1 
/REP,FAST   
/DIST,1,1.08222638492,1 
/REP,FAST   
/DIST,1,1.08222638492,1 
/REP,FAST   
/DIST,1,1.08222638492,1 
/REP,FAST   
/DIST,1,1.08222638492,1 
/REP,FAST   
/DIST,1,1.08222638492,1 
/REP,FAST   
/DIST,1,1.08222638492,1 
/REP,FAST   
/DIST,1,1.08222638492,1 
/REP,FAST   
/DIST,1,1.08222638492,1 
/REP,FAST   
/DIST,1,1.08222638492,1 
/REP,FAST   
/DIST,1,1.08222638492,1 
/REP,FAST   
/DIST,1,1.08222638492,1 
/REP,FAST   
/DIST,1,1.08222638492,1 
/REP,FAST   
/DIST,1,1.08222638492,1 
/REP,FAST   
/DIST,1,1.08222638492,1 
/REP,FAST   
/DIST,1,1.08222638492,1 
/REP,FAST   
/DIST,1,1.08222638492,1 
/REP,FAST   
/DIST,1,1.08222638492,1 
/REP,FAST   
/DIST,1,1.08222638492,1 
/REP,FAST   
/DIST,1,0.924021086472,1
/REP,FAST   
/DIST,1,0.924021086472,1
/REP,FAST   
/DIST,1,0.924021086472,1
/REP,FAST   
/DIST,1,0.924021086472,1
/REP,FAST   
/DIST,1,0.924021086472,1
/REP,FAST   
/DIST,1,0.924021086472,1
/REP,FAST   
/DIST,1,0.924021086472,1
/REP,FAST   
/DIST,1,0.924021086472,1
/REP,FAST   
/DIST,1,0.924021086472,1
/REP,FAST   
/DIST,1,0.924021086472,1
/REP,FAST   
/DIST,1,0.924021086472,1
/REP,FAST   
/DIST,1,0.924021086472,1
/REP,FAST   
/DIST,1,0.924021086472,1
/REP,FAST   
/DIST,1,0.924021086472,1
/REP,FAST   
/DIST,1,0.924021086472,1
/REP,FAST   
/DIST,1,0.924021086472,1
/REP,FAST   
/DIST,1,0.924021086472,1
/REP,FAST   
/DIST,1,0.924021086472,1
/REP,FAST   
/DIST,1,0.924021086472,1
/REP,FAST   
/DIST,1,0.924021086472,1
/REP,FAST   
/DIST,1,0.924021086472,1
/REP,FAST   
/DIST,1,0.924021086472,1
/REP,FAST   
/DIST,1,0.924021086472,1
/REP,FAST   
/DIST,1,0.924021086472,1
/REP,FAST   
/DIST,1,0.924021086472,1
/REP,FAST   
/DIST,1,0.924021086472,1
/REP,FAST   
/DIST,1,0.924021086472,1
/REP,FAST   
/DIST,1,0.924021086472,1
/REP,FAST   
/DIST,1,0.924021086472,1
/REP,FAST   
/DIST,1,0.924021086472,1
/REP,FAST   
/DIST,1,1.08222638492,1 
/REP,FAST   
/DIST,1,1.08222638492,1 
/REP,FAST   
/DIST,1,1.08222638492,1 
/REP,FAST   
/DIST,1,1.08222638492,1 
/REP,FAST   
/DIST,1,1.08222638492,1 
/REP,FAST   
/DIST,1,1.08222638492,1 
/REP,FAST   
/DIST,1,1.08222638492,1 
/REP,FAST   
/DIST,1,1.08222638492,1 
/REP,FAST   
/DIST,1,1.08222638492,1 
/REP,FAST   
/DIST,1,1.08222638492,1 
/REP,FAST   
/DIST,1,1.08222638492,1 
/REP,FAST   
/DIST,1,1.08222638492,1 
/REP,FAST   
/DIST,1,0.924021086472,1
/REP,FAST   
/DIST,1,0.924021086472,1
/REP,FAST   
/DIST,1,0.924021086472,1
/REP,FAST   
/DIST,1,0.924021086472,1
/REP,FAST   
/DIST,1,0.924021086472,1
/REP,FAST   
/DIST,1,0.924021086472,1
/REP,FAST   
/DIST,1,0.924021086472,1
/REP,FAST   
/DIST,1,0.924021086472,1
/REP,FAST   
/DIST,1,0.924021086472,1
/REP,FAST   
/DIST,1,0.924021086472,1
/REP,FAST   
/DIST,1,0.924021086472,1
/REP,FAST   
/DIST,1,0.924021086472,1
/REP,FAST   
/DIST,1,0.924021086472,1
/REP,FAST   
/DIST,1,1.08222638492,1 
/REP,FAST   
/DIST,1,1.08222638492,1 
/REP,FAST   
/DIST,1,1.08222638492,1 
/REP,FAST   
/DIST,1,1.08222638492,1 
/REP,FAST   
/DIST,1,1.08222638492,1 
/REP,FAST   
/DIST,1,1.08222638492,1 
/REP,FAST   
/DIST,1,1.08222638492,1 
/REP,FAST   
/DIST,1,1.08222638492,1 
/REP,FAST   
/DIST,1,1.08222638492,1 
/REP,FAST   
/DIST,1,1.08222638492,1 
/REP,FAST   
/DIST,1,1.08222638492,1 
/REP,FAST   
/DIST,1,1.08222638492,1 
/REP,FAST   
/DIST,1,1.08222638492,1 
/REP,FAST   
/DIST,1,1.08222638492,1 
/REP,FAST   
/DIST,1,1.08222638492,1 
/REP,FAST   
/DIST,1,1.08222638492,1 
/REP,FAST   
/DIST,1,1.08222638492,1 
/REP,FAST   
/DIST,1,1.08222638492,1 
/REP,FAST   
/DIST,1,0.924021086472,1
/REP,FAST   
/DIST,1,0.924021086472,1
/REP,FAST   
/DIST,1,0.924021086472,1
/REP,FAST   
/DIST,1,0.924021086472,1
/REP,FAST   
FINISH  
/POST1  
FINISH  
/SOL
!*  
OUTPR,ALL,1,
!*  
OUTPR,ALL,1,
!*  
OUTPR,ALL,1,
/STATUS,SOLU
SOLVE   
/DIST,1,1.08222638492,1 
/REP,FAST   
/DIST,1,1.08222638492,1 
/REP,FAST   
/DIST,1,1.08222638492,1 
/REP,FAST   
/DIST,1,1.08222638492,1 
/REP,FAST   
/DIST,1,1.08222638492,1 
/REP,FAST   
/DIST,1,1.08222638492,1 
/REP,FAST   
/DIST,1,1.08222638492,1 
/REP,FAST   
/DIST,1,1.08222638492,1 
/REP,FAST   
/DIST,1,1.08222638492,1 
/REP,FAST   
/DIST,1,1.08222638492,1 
/REP,FAST   
/DIST,1,1.08222638492,1 
/REP,FAST   
/DIST,1,1.08222638492,1 
/REP,FAST   
/DIST,1,1.08222638492,1 
/REP,FAST   
/DIST,1,1.08222638492,1 
/REP,FAST   
/DIST,1,1.08222638492,1 
/REP,FAST   
/DIST,1,1.08222638492,1 
/REP,FAST   
/DIST,1,1.08222638492,1 
/REP,FAST   
/DIST,1,1.08222638492,1 
/REP,FAST   
/DIST,1,1.08222638492,1 
/REP,FAST   
/DIST,1,1.08222638492,1 
/REP,FAST   
/DIST,1,1.08222638492,1 
/REP,FAST   
/DIST,1,1.08222638492,1 
/REP,FAST   
/DIST,1,1.08222638492,1 
/REP,FAST   
/DIST,1,1.08222638492,1 
/REP,FAST   
/DIST,1,0.924021086472,1
/REP,FAST   
/DIST,1,0.924021086472,1
/REP,FAST   
/DIST,1,0.924021086472,1
/REP,FAST   
/DIST,1,0.924021086472,1
/REP,FAST   
/DIST,1,0.924021086472,1
/REP,FAST   
/DIST,1,0.924021086472,1
/REP,FAST   
/DIST,1,0.924021086472,1
/REP,FAST   
/DIST,1,0.924021086472,1
/REP,FAST   
/DIST,1,0.924021086472,1
/REP,FAST   
/DIST,1,0.924021086472,1
/REP,FAST   
/DIST,1,0.924021086472,1
/REP,FAST   
/DIST,1,0.924021086472,1
/REP,FAST   
/DIST,1,0.924021086472,1
/REP,FAST   
/DIST,1,0.924021086472,1
/REP,FAST   
/DIST,1,0.924021086472,1
/REP,FAST   
/DIST,1,0.924021086472,1
/REP,FAST   
/DIST,1,0.924021086472,1
/REP,FAST   
/DIST,1,0.924021086472,1
/REP,FAST   
/DIST,1,0.924021086472,1
/REP,FAST   
/DIST,1,0.924021086472,1
/REP,FAST   
/DIST,1,0.924021086472,1
/REP,FAST   
/DIST,1,0.924021086472,1
/REP,FAST   
/DIST,1,0.924021086472,1
/REP,FAST   
/DIST,1,0.924021086472,1
/REP,FAST   
/DIST,1,0.924021086472,1
/REP,FAST   
/DIST,1,0.924021086472,1
/REP,FAST   
/DIST,1,0.924021086472,1
/REP,FAST   
/DIST,1,0.924021086472,1
/REP,FAST   
/DIST,1,0.924021086472,1
/REP,FAST   
/DIST,1,0.924021086472,1
/REP,FAST   
/DIST,1,0.924021086472,1
/REP,FAST   
/DIST,1,0.924021086472,1
/REP,FAST   
/DIST,1,1.08222638492,1 
/REP,FAST   
/DIST,1,1.08222638492,1 
/REP,FAST   
/DIST,1,1.08222638492,1 
/REP,FAST   
/DIST,1,1.08222638492,1 
/REP,FAST   
/DIST,1,1.08222638492,1 
/REP,FAST   
/DIST,1,1.08222638492,1 
/REP,FAST   
/DIST,1,1.08222638492,1 
/REP,FAST   
/DIST,1,1.08222638492,1 
/REP,FAST   
/DIST,1,1.08222638492,1 
/REP,FAST   
/DIST,1,1.08222638492,1 
/REP,FAST   
/DIST,1,1.08222638492,1 
/REP,FAST   
/DIST,1,1.08222638492,1 
/REP,FAST   
/DIST,1,1.08222638492,1 
/REP,FAST   
/DIST,1,1.08222638492,1 
/REP,FAST   
/DIST,1,1.08222638492,1 
/REP,FAST   
/DIST,1,1.08222638492,1 
/REP,FAST   
/DIST,1,1.08222638492,1 
/REP,FAST   
/DIST,1,1.08222638492,1 
/REP,FAST   
/DIST,1,1.08222638492,1 
/REP,FAST   
/DIST,1,1.08222638492,1 
/REP,FAST   
/DIST,1,0.924021086472,1
/REP,FAST   
/DIST,1,0.924021086472,1
/REP,FAST   
/DIST,1,0.924021086472,1
/REP,FAST   
/DIST,1,0.924021086472,1
/REP,FAST   
/DIST,1,0.924021086472,1
/REP,FAST   
/DIST,1,0.924021086472,1
/REP,FAST   
/DIST,1,0.924021086472,1
/REP,FAST   
/DIST,1,0.924021086472,1
/REP,FAST   
/DIST,1,0.924021086472,1
/REP,FAST   
/DIST,1,0.924021086472,1
/REP,FAST   
/DIST,1,0.924021086472,1
/REP,FAST   
/DIST,1,0.924021086472,1
/REP,FAST   
/DIST,1,0.924021086472,1
/REP,FAST   
/DIST,1,0.924021086472,1
/REP,FAST   
/DIST,1,0.924021086472,1
/REP,FAST   
/DIST,1,0.924021086472,1
/REP,FAST   
/DIST,1,0.924021086472,1
/REP,FAST   
/STATUS,SOLU
SOLVE   
FINISH  
/POST1  
SET,LIST,999
SET,,, ,,, ,1   
SET,,, ,,, ,1   
SET,,, ,,, ,1   
!*  
ANTIME,39,0.5, ,1,0,0,0 
!*  
!*  
PLESOL, BFE,TEMP, 0,1.0 
!*  
-999,-999,  
ANDATA,0.5, ,0,0,0,1,0,1
!*  
!*  
!*  
PLESOL, BFE,TEMP, 0,1.0 
!*  
-999,-999,  
ANDATA,0.5, ,0,0,0,30,0,1   
!*  
SET,LIST,2  
PRITER  
FINISH  
/SOL
/REPLOT 
FINISH  
/PREP7  
!*  
!*  
!*  
!*  
!*  
TOFFST,273  
!*  
FINISH  
/SOL
SAVE
FINISH  
! /EXIT,ALL 
