/COM,ANSYS RELEASE  9.0A1  UP20050128       11:04:28    05/12/2014

 *** ERROR ***                           CP =       8.641   TIME= 11:52:56
 Element type 1 is UNKNOWN, which cannot be used with the AMES command.  
  Meshing aborted.                                                       

 *** WARNING ***                         CP =      13.062   TIME= 12:15:29
 Body load TEMP from line 2 (1st value = 100) is overwriting a BF on     
 node 2 (1st value = 200) that was previously transferred from another   
 BFV, BFA, BFL, or set of BFK's.                                         

 *** WARNING ***                         CP =      13.062   TIME= 12:15:29
 Body load TEMP from line 4 (1st value = 50) is overwriting a BF on node 
 1 (1st value = 200) that was previously transferred from another BFV,   
 BFA, BFL, or set of BFK's.                                              

 *** WARNING ***                         CP =      13.062   TIME= 12:15:29
 Body load TEMP from line 4 (1st value = 50) is overwriting a BF on node 
 5 (1st value = 100) that was previously transferred from another BFV,   
 BFA, BFL, or set of BFK's.                                              

 *** ERROR ***                           CP =      13.062   TIME= 12:15:29
 Element 1 requires material properties and references material number 1 
 for which no properties are defined.  Checking terminates.              

 *** WARNING ***                         CP =      13.094   TIME= 12:15:36
 No constraints have been defined using the D command.                   

 *** ERROR ***     SUPPRESSED MESSAGE    CP =      13.094   TIME= 12:15:36
 The step data was checked and there were errors found.                  
  Please check output or errors file ( Z:\Code\femlab\femlab.err ) for   
 messages.                                                               

 *** ERROR ***                           CP =      13.875   TIME= 12:16:12
 Element 1 references undefined EX of material 1.                        

 *** WARNING ***                         CP =      13.906   TIME= 12:16:21
 No constraints have been defined using the D command.                   

 *** ERROR ***                           CP =      13.906   TIME= 12:16:21
 The step data was checked and there were errors found.                  
  Please check output or errors file ( Z:\Code\femlab\femlab.err ) for   
 messages.                                                               

 *** ERROR ***                           CP =      16.031   TIME= 12:17:01
 Element 1 references undefined EX of material 1.                        

 *** WARNING ***                         CP =      16.078   TIME= 12:17:03
 No constraints have been defined using the D command.                   

 *** ERROR ***                           CP =      16.078   TIME= 12:17:03
 The step data was checked and there were errors found.                  
  Please check output or errors file ( Z:\Code\femlab\femlab.err ) for   
 messages.                                                               

 *** WARNING ***                         CP =      16.625   TIME= 12:18:25
 No constraints have been defined using the D command.                   

 *** WARNING ***                         CP =      17.172   TIME= 12:18:29
 Transient dynamic analysis has no mass.                                 

 *** WARNING ***                         CP =      17.266   TIME= 12:18:29
 Smallest negative equation solver pivot term encountered at UX DOF of   
 node 349.  Check for an insufficiently constrained model.               

 *** WARNING ***                         CP =      22.203   TIME= 12:25:12
 DELTIM is not a recognized POST1 command, abbreviation, or macro.       
  This command will be ignored.                                          

 *** WARNING ***                         CP =      22.344   TIME= 12:25:26
 Body load TEMP from line 1 (1st value = 200) is overwriting a BF on     
 node 1 (1st value = 50) that was previously transferred from another    
 BFV, BFA, BFL, or set of BFK's.                                         

 *** WARNING ***                         CP =      22.344   TIME= 12:25:26
 Body load TEMP from line 1 (1st value = 200) is overwriting a BF on     
 node 2 (1st value = 100) that was previously transferred from another   
 BFV, BFA, BFL, or set of BFK's.                                         

 *** WARNING ***                         CP =      22.344   TIME= 12:25:26
 Body load TEMP from line 2 (1st value = 100) is overwriting a BF on     
 node 2 (1st value = 200) that was previously transferred from another   
 BFV, BFA, BFL, or set of BFK's.                                         

 *** WARNING ***                         CP =      22.344   TIME= 12:25:26
 Body load TEMP from line 3 (1st value = 100) is overwriting a BF on     
 node 5 (1st value = 50) that was previously transferred from another    
 BFV, BFA, BFL, or set of BFK's.                                         

 *** WARNING ***                         CP =      22.344   TIME= 12:25:26
 Body load TEMP from line 4 (1st value = 50) is overwriting a BF on node 
 1 (1st value = 200) that was previously transferred from another BFV,   
 BFA, BFL, or set of BFK's.                                              

 *** WARNING ***   SUPPRESSED MESSAGE    CP =      22.344   TIME= 12:25:26
 Body load TEMP from line 4 (1st value = 50) is overwriting a BF on node 
 5 (1st value = 100) that was previously transferred from another BFV,   
 BFA, BFL, or set of BFK's.                                              

 *** WARNING ***   SUPPRESSED MESSAGE    CP =      22.344   TIME= 12:25:26
 No constraints have been defined using the D command.                   

 *** WARNING ***                         CP =      22.734   TIME= 12:26:54
 No constraints have been defined using the D command.                   

 *** WARNING ***                         CP =      23.234   TIME= 12:26:57
 Transient dynamic analysis has no mass.                                 

 *** WARNING ***                         CP =      23.297   TIME= 12:26:57
 Smallest negative equation solver pivot term encountered at UX DOF of   
 node 349.  Check for an insufficiently constrained model.               

 *** ERROR ***                           CP =      25.484   TIME= 12:29:37
 Load set not found on result file femlab.rst.                           
/COM,ANSYS RELEASE  9.0A1  UP20050128       12:34:34    05/12/2014

 *** WARNING ***                         CP =       3.266   TIME= 12:35:38
 Body load TEMP from line 1 (1st value = 200) is overwriting a BF on     
 node 1 (1st value = 50) that was previously transferred from another    
 BFV, BFA, BFL, or set of BFK's.                                         

 *** WARNING ***                         CP =       3.266   TIME= 12:35:38
 Body load TEMP from line 1 (1st value = 200) is overwriting a BF on     
 node 2 (1st value = 100) that was previously transferred from another   
 BFV, BFA, BFL, or set of BFK's.                                         

 *** WARNING ***                         CP =       3.281   TIME= 12:35:38
 Body load TEMP from line 2 (1st value = 100) is overwriting a BF on     
 node 2 (1st value = 200) that was previously transferred from another   
 BFV, BFA, BFL, or set of BFK's.                                         

 *** WARNING ***                         CP =       3.281   TIME= 12:35:38
 Body load TEMP from line 3 (1st value = 100) is overwriting a BF on     
 node 5 (1st value = 50) that was previously transferred from another    
 BFV, BFA, BFL, or set of BFK's.                                         

 *** WARNING ***                         CP =       3.281   TIME= 12:35:38
 Body load TEMP from line 4 (1st value = 50) is overwriting a BF on node 
 1 (1st value = 200) that was previously transferred from another BFV,   
 BFA, BFL, or set of BFK's.                                              

 *** WARNING ***   SUPPRESSED MESSAGE    CP =       3.281   TIME= 12:35:38
 Body load TEMP from line 4 (1st value = 50) is overwriting a BF on node 
 5 (1st value = 100) that was previously transferred from another BFV,   
 BFA, BFL, or set of BFK's.                                              

 *** ERROR ***     SUPPRESSED MESSAGE    CP =       3.281   TIME= 12:35:38
 Element 1 references undefined EX of material 1.                        

 *** WARNING ***   SUPPRESSED MESSAGE    CP =       3.281   TIME= 12:35:38
 No constraints have been defined using the D command.                   

 *** ERROR ***     SUPPRESSED MESSAGE    CP =       3.281   TIME= 12:35:38
 The step data was checked and there were errors found.                  
  Please check output or errors file ( Z:\Code\femlab\femlab.err ) for   
 messages.                                                               

 *** WARNING ***                         CP =       3.969   TIME= 12:36:36
 No constraints have been defined using the D command.                   

 *** WARNING ***                         CP =       4.578   TIME= 12:36:39
 Transient dynamic analysis has no mass.                                 

 *** WARNING ***                         CP =       4.672   TIME= 12:36:40
 Smallest negative equation solver pivot term encountered at UX DOF of   
 node 349.  Check for an insufficiently constrained model.               

 *** WARNING ***                         CP =       8.234   TIME= 12:44:13
 Body load TEMP from line 1 (1st value = 200) is overwriting a BF on     
 node 1 (1st value = 50) that was previously transferred from another    
 BFV, BFA, BFL, or set of BFK's.                                         

 *** WARNING ***                         CP =       8.234   TIME= 12:44:14
 Body load TEMP from line 1 (1st value = 200) is overwriting a BF on     
 node 2 (1st value = 100) that was previously transferred from another   
 BFV, BFA, BFL, or set of BFK's.                                         

 *** WARNING ***                         CP =       8.234   TIME= 12:44:14
 Body load TEMP from line 2 (1st value = 100) is overwriting a BF on     
 node 2 (1st value = 200) that was previously transferred from another   
 BFV, BFA, BFL, or set of BFK's.                                         

 *** WARNING ***                         CP =       8.234   TIME= 12:44:14
 Body load TEMP from line 3 (1st value = 100) is overwriting a BF on     
 node 5 (1st value = 50) that was previously transferred from another    
 BFV, BFA, BFL, or set of BFK's.                                         

 *** WARNING ***                         CP =       8.234   TIME= 12:44:14
 Body load TEMP from line 4 (1st value = 50) is overwriting a BF on node 
 1 (1st value = 200) that was previously transferred from another BFV,   
 BFA, BFL, or set of BFK's.                                              

 *** WARNING ***   SUPPRESSED MESSAGE    CP =       8.234   TIME= 12:44:14
 Body load TEMP from line 4 (1st value = 50) is overwriting a BF on node 
 5 (1st value = 100) that was previously transferred from another BFV,   
 BFA, BFL, or set of BFK's.                                              

 *** WARNING ***   SUPPRESSED MESSAGE    CP =       8.234   TIME= 12:44:14
 No constraints have been defined using the D command.                   

 *** WARNING ***   SUPPRESSED MESSAGE    CP =       8.672   TIME= 12:44:16
 Transient dynamic analysis has no mass.                                 

 *** WARNING ***   SUPPRESSED MESSAGE    CP =       8.781   TIME= 12:44:16
 Smallest negative equation solver pivot term encountered at UX DOF of   
 node 349.  Check for an insufficiently constrained model.               

 *** WARNING ***                         CP =      10.781   TIME= 12:49:12
 No entities defined for CMPLOT.                                         

 *** WARNING ***                         CP =      12.922   TIME= 12:50:11
 Error estimation is not available for interpolated time points.         

 *** WARNING ***                         CP =      14.219   TIME= 12:51:57
 Body load TEMP from line 1 (1st value = 200) is overwriting a BF on     
 node 1 (1st value = 50) that was previously transferred from another    
 BFV, BFA, BFL, or set of BFK's.                                         

 *** WARNING ***                         CP =      14.219   TIME= 12:51:57
 Body load TEMP from line 1 (1st value = 200) is overwriting a BF on     
 node 2 (1st value = 100) that was previously transferred from another   
 BFV, BFA, BFL, or set of BFK's.                                         

 *** WARNING ***                         CP =      14.219   TIME= 12:51:57
 Body load TEMP from line 2 (1st value = 100) is overwriting a BF on     
 node 2 (1st value = 200) that was previously transferred from another   
 BFV, BFA, BFL, or set of BFK's.                                         

 *** WARNING ***                         CP =      14.219   TIME= 12:51:57
 Body load TEMP from line 3 (1st value = 100) is overwriting a BF on     
 node 5 (1st value = 50) that was previously transferred from another    
 BFV, BFA, BFL, or set of BFK's.                                         

 *** WARNING ***                         CP =      14.219   TIME= 12:51:57
 Body load TEMP from line 4 (1st value = 50) is overwriting a BF on node 
 1 (1st value = 200) that was previously transferred from another BFV,   
 BFA, BFL, or set of BFK's.                                              

 *** WARNING ***   SUPPRESSED MESSAGE    CP =      14.219   TIME= 12:51:57
 Body load TEMP from line 4 (1st value = 50) is overwriting a BF on node 
 5 (1st value = 100) that was previously transferred from another BFV,   
 BFA, BFL, or set of BFK's.                                              

 *** WARNING ***   SUPPRESSED MESSAGE    CP =      14.219   TIME= 12:51:57
 No constraints have been defined using the D command.                   

 *** WARNING ***   SUPPRESSED MESSAGE    CP =      14.703   TIME= 12:51:59
 Transient dynamic analysis has no mass.                                 

 *** WARNING ***   SUPPRESSED MESSAGE    CP =      14.781   TIME= 12:51:59
 Smallest negative equation solver pivot term encountered at UX DOF of   
 node 349.  Check for an insufficiently constrained model.               

 *** WARNING ***                         CP =      16.016   TIME= 12:53:18
 Body load TEMP from line 1 (1st value = 200) is overwriting a BF on     
 node 1 (1st value = 50) that was previously transferred from another    
 BFV, BFA, BFL, or set of BFK's.                                         

 *** WARNING ***                         CP =      16.016   TIME= 12:53:18
 Body load TEMP from line 1 (1st value = 200) is overwriting a BF on     
 node 2 (1st value = 100) that was previously transferred from another   
 BFV, BFA, BFL, or set of BFK's.                                         

 *** WARNING ***                         CP =      16.016   TIME= 12:53:18
 Body load TEMP from line 2 (1st value = 100) is overwriting a BF on     
 node 2 (1st value = 200) that was previously transferred from another   
 BFV, BFA, BFL, or set of BFK's.                                         

 *** WARNING ***                         CP =      16.016   TIME= 12:53:18
 Body load TEMP from line 3 (1st value = 100) is overwriting a BF on     
 node 5 (1st value = 50) that was previously transferred from another    
 BFV, BFA, BFL, or set of BFK's.                                         

 *** WARNING ***                         CP =      16.016   TIME= 12:53:18
 Body load TEMP from line 4 (1st value = 50) is overwriting a BF on node 
 1 (1st value = 200) that was previously transferred from another BFV,   
 BFA, BFL, or set of BFK's.                                              

 *** WARNING ***   SUPPRESSED MESSAGE    CP =      16.016   TIME= 12:53:18
 Body load TEMP from line 4 (1st value = 50) is overwriting a BF on node 
 5 (1st value = 100) that was previously transferred from another BFV,   
 BFA, BFL, or set of BFK's.                                              

 *** WARNING ***   SUPPRESSED MESSAGE    CP =      16.016   TIME= 12:53:18
 No constraints have been defined using the D command.                   

 *** WARNING ***   SUPPRESSED MESSAGE    CP =      16.562   TIME= 12:53:20
 Transient dynamic analysis has no mass.                                 

 *** WARNING ***   SUPPRESSED MESSAGE    CP =      16.672   TIME= 12:53:20
 Smallest negative equation solver pivot term encountered at UX DOF of   
 node 349.  Check for an insufficiently constrained model.               

 *** WARNING ***                         CP =      23.062   TIME= 12:58:01
 Body load TEMP from line 1 (1st value = 200) is overwriting a BF on     
 node 1 (1st value = 50) that was previously transferred from another    
 BFV, BFA, BFL, or set of BFK's.                                         

 *** WARNING ***                         CP =      23.062   TIME= 12:58:01
 Body load TEMP from line 1 (1st value = 200) is overwriting a BF on     
 node 2 (1st value = 100) that was previously transferred from another   
 BFV, BFA, BFL, or set of BFK's.                                         

 *** WARNING ***                         CP =      23.062   TIME= 12:58:01
 Body load TEMP from line 2 (1st value = 100) is overwriting a BF on     
 node 2 (1st value = 200) that was previously transferred from another   
 BFV, BFA, BFL, or set of BFK's.                                         

 *** WARNING ***                         CP =      23.062   TIME= 12:58:01
 Body load TEMP from line 3 (1st value = 100) is overwriting a BF on     
 node 5 (1st value = 50) that was previously transferred from another    
 BFV, BFA, BFL, or set of BFK's.                                         

 *** WARNING ***                         CP =      23.062   TIME= 12:58:01
 Body load TEMP from line 4 (1st value = 50) is overwriting a BF on node 
 1 (1st value = 200) that was previously transferred from another BFV,   
 BFA, BFL, or set of BFK's.                                              

 *** WARNING ***   SUPPRESSED MESSAGE    CP =      23.062   TIME= 12:58:01
 Body load TEMP from line 4 (1st value = 50) is overwriting a BF on node 
 5 (1st value = 100) that was previously transferred from another BFV,   
 BFA, BFL, or set of BFK's.                                              

 *** WARNING ***   SUPPRESSED MESSAGE    CP =      23.062   TIME= 12:58:01
 No constraints have been defined using the D command.                   

 *** WARNING ***   SUPPRESSED MESSAGE    CP =      23.703   TIME= 12:58:04
 Transient dynamic analysis has no mass.                                 

 *** WARNING ***   SUPPRESSED MESSAGE    CP =      23.797   TIME= 12:58:04
 Smallest negative equation solver pivot term encountered at UX DOF of   
 node 349.  Check for an insufficiently constrained model.               

 *** WARNING ***                         CP =      24.953   TIME= 12:59:59
 Body load TEMP from line 1 (1st value = 200) is overwriting a BF on     
 node 1 (1st value = 50) that was previously transferred from another    
 BFV, BFA, BFL, or set of BFK's.                                         

 *** WARNING ***                         CP =      24.953   TIME= 12:59:59
 Body load TEMP from line 1 (1st value = 200) is overwriting a BF on     
 node 2 (1st value = 100) that was previously transferred from another   
 BFV, BFA, BFL, or set of BFK's.                                         

 *** WARNING ***                         CP =      24.953   TIME= 12:59:59
 Body load TEMP from line 2 (1st value = 100) is overwriting a BF on     
 node 2 (1st value = 200) that was previously transferred from another   
 BFV, BFA, BFL, or set of BFK's.                                         

 *** WARNING ***                         CP =      24.953   TIME= 12:59:59
 Body load TEMP from line 3 (1st value = 100) is overwriting a BF on     
 node 5 (1st value = 50) that was previously transferred from another    
 BFV, BFA, BFL, or set of BFK's.                                         

 *** WARNING ***                         CP =      24.953   TIME= 12:59:59
 Body load TEMP from line 4 (1st value = 50) is overwriting a BF on node 
 1 (1st value = 200) that was previously transferred from another BFV,   
 BFA, BFL, or set of BFK's.                                              

 *** WARNING ***   SUPPRESSED MESSAGE    CP =      24.953   TIME= 12:59:59
 Body load TEMP from line 4 (1st value = 50) is overwriting a BF on node 
 5 (1st value = 100) that was previously transferred from another BFV,   
 BFA, BFL, or set of BFK's.                                              

 *** WARNING ***   SUPPRESSED MESSAGE    CP =      24.953   TIME= 12:59:59
 No constraints have been defined using the D command.                   

 *** WARNING ***   SUPPRESSED MESSAGE    CP =      25.562   TIME= 13:00:05
 Transient dynamic analysis has no mass.                                 

 *** WARNING ***   SUPPRESSED MESSAGE    CP =      25.641   TIME= 13:00:05
 Smallest negative equation solver pivot term encountered at UX DOF of   
 node 349.  Check for an insufficiently constrained model.               

 *** ERROR ***                           CP =      28.562   TIME= 13:02:51
 No restart file found matching loadstep and substep specified in        
 command ANTYPE,,REST.  Restart cannot be performed.                     

 *** ERROR ***                           CP =      30.000   TIME= 13:03:09
 No restart file found matching loadstep and substep specified in        
 command ANTYPE,,REST.  Restart cannot be performed.                     

 *** WARNING ***                         CP =      31.469   TIME= 13:05:17
 Body load TEMP from line 1 (1st value = 200) is overwriting a BF on     
 node 1 (1st value = 50) that was previously transferred from another    
 BFV, BFA, BFL, or set of BFK's.                                         

 *** WARNING ***                         CP =      31.469   TIME= 13:05:17
 Body load TEMP from line 1 (1st value = 200) is overwriting a BF on     
 node 2 (1st value = 100) that was previously transferred from another   
 BFV, BFA, BFL, or set of BFK's.                                         

 *** WARNING ***                         CP =      31.469   TIME= 13:05:17
 Body load TEMP from line 2 (1st value = 100) is overwriting a BF on     
 node 2 (1st value = 200) that was previously transferred from another   
 BFV, BFA, BFL, or set of BFK's.                                         

 *** WARNING ***                         CP =      31.469   TIME= 13:05:17
 Body load TEMP from line 3 (1st value = 100) is overwriting a BF on     
 node 5 (1st value = 50) that was previously transferred from another    
 BFV, BFA, BFL, or set of BFK's.                                         

 *** WARNING ***                         CP =      31.469   TIME= 13:05:17
 Body load TEMP from line 4 (1st value = 50) is overwriting a BF on node 
 1 (1st value = 200) that was previously transferred from another BFV,   
 BFA, BFL, or set of BFK's.                                              

 *** WARNING ***   SUPPRESSED MESSAGE    CP =      31.469   TIME= 13:05:17
 Body load TEMP from line 4 (1st value = 50) is overwriting a BF on node 
 5 (1st value = 100) that was previously transferred from another BFV,   
 BFA, BFL, or set of BFK's.                                              

 *** WARNING ***   SUPPRESSED MESSAGE    CP =      31.484   TIME= 13:05:17
 No constraints have been defined using the D command.                   

 *** WARNING ***   SUPPRESSED MESSAGE    CP =      31.594   TIME= 13:05:19
 Transient dynamic analysis has no mass.                                 

 *** WARNING ***   SUPPRESSED MESSAGE    CP =      31.625   TIME= 13:05:19
 Smallest negative equation solver pivot term encountered at UX DOF of   
 node 349.  Check for an insufficiently constrained model.               

 *** WARNING ***                         CP =      32.797   TIME= 13:06:22
 Body load TEMP from line 1 (1st value = 200) is overwriting a BF on     
 node 1 (1st value = 50) that was previously transferred from another    
 BFV, BFA, BFL, or set of BFK's.                                         

 *** WARNING ***                         CP =      32.797   TIME= 13:06:22
 Body load TEMP from line 1 (1st value = 200) is overwriting a BF on     
 node 2 (1st value = 100) that was previously transferred from another   
 BFV, BFA, BFL, or set of BFK's.                                         

 *** WARNING ***                         CP =      32.797   TIME= 13:06:22
 Body load TEMP from line 2 (1st value = 100) is overwriting a BF on     
 node 2 (1st value = 200) that was previously transferred from another   
 BFV, BFA, BFL, or set of BFK's.                                         

 *** WARNING ***                         CP =      32.797   TIME= 13:06:22
 Body load TEMP from line 3 (1st value = 100) is overwriting a BF on     
 node 5 (1st value = 50) that was previously transferred from another    
 BFV, BFA, BFL, or set of BFK's.                                         

 *** WARNING ***                         CP =      32.797   TIME= 13:06:22
 Body load TEMP from line 4 (1st value = 50) is overwriting a BF on node 
 1 (1st value = 200) that was previously transferred from another BFV,   
 BFA, BFL, or set of BFK's.                                              

 *** WARNING ***   SUPPRESSED MESSAGE    CP =      32.797   TIME= 13:06:22
 Body load TEMP from line 4 (1st value = 50) is overwriting a BF on node 
 5 (1st value = 100) that was previously transferred from another BFV,   
 BFA, BFL, or set of BFK's.                                              

 *** WARNING ***   SUPPRESSED MESSAGE    CP =      32.797   TIME= 13:06:22
 No constraints have been defined using the D command.                   

 *** WARNING ***   SUPPRESSED MESSAGE    CP =      33.328   TIME= 13:06:26
 Transient dynamic analysis has no mass.                                 

 *** WARNING ***   SUPPRESSED MESSAGE    CP =      33.453   TIME= 13:06:26
 Smallest negative equation solver pivot term encountered at UX DOF of   
 node 349.  Check for an insufficiently constrained model.               

 *** WARNING ***                         CP =      35.062   TIME= 13:07:26
 Body load TEMP from line 1 (1st value = 200) is overwriting a BF on     
 node 1 (1st value = 50) that was previously transferred from another    
 BFV, BFA, BFL, or set of BFK's.                                         

 *** WARNING ***                         CP =      35.062   TIME= 13:07:26
 Body load TEMP from line 1 (1st value = 200) is overwriting a BF on     
 node 2 (1st value = 100) that was previously transferred from another   
 BFV, BFA, BFL, or set of BFK's.                                         

 *** WARNING ***                         CP =      35.062   TIME= 13:07:26
 Body load TEMP from line 2 (1st value = 100) is overwriting a BF on     
 node 2 (1st value = 200) that was previously transferred from another   
 BFV, BFA, BFL, or set of BFK's.                                         

 *** WARNING ***                         CP =      35.062   TIME= 13:07:26
 Body load TEMP from line 3 (1st value = 100) is overwriting a BF on     
 node 5 (1st value = 50) that was previously transferred from another    
 BFV, BFA, BFL, or set of BFK's.                                         

 *** WARNING ***                         CP =      35.062   TIME= 13:07:26
 Body load TEMP from line 4 (1st value = 50) is overwriting a BF on node 
 1 (1st value = 200) that was previously transferred from another BFV,   
 BFA, BFL, or set of BFK's.                                              

 *** WARNING ***   SUPPRESSED MESSAGE    CP =      35.062   TIME= 13:07:26
 Body load TEMP from line 4 (1st value = 50) is overwriting a BF on node 
 5 (1st value = 100) that was previously transferred from another BFV,   
 BFA, BFL, or set of BFK's.                                              

 *** ERROR ***     SUPPRESSED MESSAGE    CP =      35.062   TIME= 13:07:26
 Present time 15 is less than or equal to the previous time in a         
 transient analysis.                                                     

 *** WARNING ***   SUPPRESSED MESSAGE    CP =      35.062   TIME= 13:07:26
 No constraints have been defined using the D command.                   

 *** ERROR ***     SUPPRESSED MESSAGE    CP =      35.062   TIME= 13:07:26
 The step data was checked and there were errors found.                  
  Please check output or errors file ( Z:\Code\femlab\femlab.err ) for   
 messages.                                                               

 *** WARNING ***                         CP =      38.281   TIME= 13:10:42
 Only one substep defined - operation terminated.                        

 *** WARNING ***                         CP =      38.969   TIME= 13:11:40
 Only one substep defined - operation terminated.                        
